2025-05-01 14:09:13,471 [INFO] Activator:176 - 


2025-05-01 14:09:13,484 [INFO] Activator:177 - !SESSION log4j initialized
2025-05-01 14:09:19,431 [INFO] LogOutputStream:77 - [STDOUT_REDIRECT] 
2025-05-01 14:09:23,511 [ERROR] LogOutputStream:75 - [STDERR_REDIRECT] 
2025-05-01 14:09:28,504 [INFO] LogOutputStream:77 - [STDOUT_REDIRECT] 
2025-05-01 14:09:30,203 [INFO] ApplicationProperties:184 - Using Application install path: /Applications/STM32CubeIDE.app/Contents/Eclipse/plugins/com.st.stm32cube.common.mx_6.13.0.202411220809
2025-05-01 14:09:30,221 [INFO] DbMcusXml:78 - Set database path to: /Applications/STM32CubeIDE.app/Contents/Eclipse/plugins/com.st.stm32cube.common.mx_6.13.0.202411220809//db//mcu/
2025-05-01 14:09:30,222 [INFO] ApiDb:274 - Set plugin database path to: /Applications/STM32CubeIDE.app/Contents/Eclipse/plugins/com.st.stm32cube.common.mx_6.13.0.202411220809//db//plugins/boardmanager/
2025-05-01 14:09:30,222 [WARN] ApiDb:259 - Overriding images path with different value:  => /Applications/STM32CubeIDE.app/Contents/Eclipse/plugins/com.st.stm32cube.common.mx_6.13.0.202411220809//db//plugins/mcufinder/images/
2025-05-01 14:09:30,230 [INFO] ApiDb:250 - Set database path to: /Users/jonahk/.stmcufinder/plugins/mcufinder//mcu/
2025-05-01 14:09:30,231 [INFO] DbMcusAds:125 - Set database path to: /Users/jonahk/.stmcufinder/plugins/mcufinder//mcu/
2025-05-01 14:09:30,233 [INFO] CrossReferenceDbSqlite:203 - Set database path to: /Users/jonahk/.stmcufinder/plugins/mcufinder//mcu/cs/
2025-05-01 14:09:30,409 [INFO] RulesReader:64 - Compatibility file has been processed (297 Rules)
2025-05-01 14:09:30,511 [INFO] DbMcusXml:78 - Set database path to: /Applications/STM32CubeIDE.app/Contents/Eclipse/plugins/com.st.stm32cube.common.mx_6.13.0.202411220809//db//mcu/
2025-05-01 14:09:30,511 [INFO] ApiDb:274 - Set plugin database path to: /Applications/STM32CubeIDE.app/Contents/Eclipse/plugins/com.st.stm32cube.common.mx_6.13.0.202411220809//db//plugins/boardmanager/
2025-05-01 14:09:30,511 [INFO] ApiDb:261 - Set plugin images path to: /Applications/STM32CubeIDE.app/Contents/Eclipse/plugins/com.st.stm32cube.common.mx_6.13.0.202411220809//db//plugins/mcufinder/images/
2025-05-01 14:09:30,512 [WARN] DbFile:41 - Overriding database path with different value: /Users/jonahk/.stmcufinder/plugins/mcufinder/ => /Users/jonahk/.stmcufinder/plugins/mcufinder
2025-05-01 14:09:30,512 [INFO] ApiDb:250 - Set database path to: /Users/jonahk/.stmcufinder/plugins/mcufinder//mcu/
2025-05-01 14:09:30,512 [WARN] DbFile:41 - Overriding database path with different value: /Users/jonahk/.stmcufinder/plugins/mcufinder/ => /Users/jonahk/.stmcufinder/plugins/mcufinder
2025-05-01 14:09:30,512 [INFO] DbMcusAds:125 - Set database path to: /Users/jonahk/.stmcufinder/plugins/mcufinder//mcu/
2025-05-01 14:09:30,512 [WARN] DbFile:41 - Overriding database path with different value: /Users/jonahk/.stmcufinder/plugins/mcufinder/ => /Users/jonahk/.stmcufinder/plugins/mcufinder
2025-05-01 14:09:30,512 [WARN] DbFile:41 - Overriding database path with different value: /Users/jonahk/.stmcufinder/plugins/mcufinder/ => /Users/jonahk/.stmcufinder/plugins/mcufinder
2025-05-01 14:09:30,512 [INFO] CrossReferenceDbSqlite:203 - Set database path to: /Users/jonahk/.stmcufinder/plugins/mcufinder//mcu/cs/
2025-05-01 14:09:30,601 [INFO] MainPanel:272 - HeapMemory: 291504128
2025-05-01 14:09:31,559 [INFO] DbMcusXml:78 - Set database path to: /Applications/STM32CubeIDE.app/Contents/Eclipse/plugins/com.st.stm32cube.common.mx_6.13.0.202411220809//db//mcu/
2025-05-01 14:09:31,559 [INFO] ApiDb:274 - Set plugin database path to: /Applications/STM32CubeIDE.app/Contents/Eclipse/plugins/com.st.stm32cube.common.mx_6.13.0.202411220809//db//plugins/boardmanager/
2025-05-01 14:09:31,560 [INFO] ApiDb:261 - Set plugin images path to: /Applications/STM32CubeIDE.app/Contents/Eclipse/plugins/com.st.stm32cube.common.mx_6.13.0.202411220809//db//plugins/mcufinder/images/
2025-05-01 14:09:31,560 [WARN] DbFile:41 - Overriding database path with different value: /Users/jonahk/.stmcufinder/plugins/mcufinder/ => /Users/jonahk/.stmcufinder/plugins/mcufinder
2025-05-01 14:09:31,561 [INFO] ApiDb:250 - Set database path to: /Users/jonahk/.stmcufinder/plugins/mcufinder//mcu/
2025-05-01 14:09:31,561 [WARN] DbFile:41 - Overriding database path with different value: /Users/jonahk/.stmcufinder/plugins/mcufinder/ => /Users/jonahk/.stmcufinder/plugins/mcufinder
2025-05-01 14:09:31,561 [INFO] DbMcusAds:125 - Set database path to: /Users/jonahk/.stmcufinder/plugins/mcufinder//mcu/
2025-05-01 14:09:31,561 [WARN] DbFile:41 - Overriding database path with different value: /Users/jonahk/.stmcufinder/plugins/mcufinder/ => /Users/jonahk/.stmcufinder/plugins/mcufinder
2025-05-01 14:09:31,561 [WARN] DbFile:41 - Overriding database path with different value: /Users/jonahk/.stmcufinder/plugins/mcufinder/ => /Users/jonahk/.stmcufinder/plugins/mcufinder
2025-05-01 14:09:31,561 [INFO] CrossReferenceDbSqlite:203 - Set database path to: /Users/jonahk/.stmcufinder/plugins/mcufinder//mcu/cs/
2025-05-01 14:09:31,587 [INFO] ApplicationProperties:184 - Using Application install path: /Applications/STM32CubeIDE.app/Contents/Eclipse/plugins/com.st.stm32cube.common.mx_6.13.0.202411220809
2025-05-01 14:09:31,588 [INFO] PluginManage:196 - Search for loadable plugins [exclusion list=, ]
2025-05-01 14:09:31,589 [INFO] PluginManage:310 - Check plugin analytics
2025-05-01 14:09:31,908 [ERROR] LogOutputStream:75 - [STDERR_REDIRECT] [Fatal Error] :2:10: DOCTYPE is disallowed when the feature "http://apache.org/xml/features/disallow-doctype-decl" set to true.
2025-05-01 14:09:31,910 [ERROR] LogOutputStream:75 - [STDERR_REDIRECT] 
2025-05-01 14:09:31,930 [INFO] AnalyticsPlugin:253 - Accepted Software Licenses: STM32CubeMX.6.13.0
2025-05-01 14:09:31,930 [INFO] AnalyticsPlugin:255 - Accepted CMSIS Pack Licenses: 
2025-05-01 14:09:31,930 [INFO] AnalyticsPlugin:257 - Accepted Firmware Licenses: 
2025-05-01 14:09:31,947 [INFO] PluginManage:359 - Loaded plugin analytics (category:tool,tabindex:-1)
2025-05-01 14:09:31,948 [INFO] PluginManage:310 - Check plugin cadmodel
2025-05-01 14:09:31,965 [INFO] CADModel:105 - Init CAD model plugin
2025-05-01 14:09:31,965 [INFO] PluginManage:359 - Loaded plugin cadmodel (category:power,tabindex:5)
2025-05-01 14:09:31,965 [INFO] PluginManage:310 - Check plugin clock
2025-05-01 14:09:31,980 [INFO] PluginManage:359 - Loaded plugin clock (category:base,tabindex:2)
2025-05-01 14:09:31,981 [INFO] PluginManage:310 - Check plugin ddr
2025-05-01 14:09:31,983 [INFO] PluginManage:359 - Loaded plugin ddr (category:tool,tabindex:6)
2025-05-01 14:09:31,983 [INFO] PluginManage:310 - Check plugin filemanager
2025-05-01 14:09:32,181 [INFO] PluginManage:359 - Loaded plugin filemanager (category:base,tabindex:10)
2025-05-01 14:09:32,181 [INFO] PluginManage:310 - Check plugin ipmanager
2025-05-01 14:09:32,198 [INFO] PluginManage:359 - Loaded plugin ipmanager (category:base,tabindex:5)
2025-05-01 14:09:32,201 [INFO] PluginManage:310 - Check plugin lpbam
2025-05-01 14:09:32,681 [INFO] PluginManage:359 - Loaded plugin lpbam (category:base,tabindex:0)
2025-05-01 14:09:32,703 [INFO] PluginManage:310 - Check plugin memorymap
2025-05-01 14:09:32,869 [INFO] PluginManage:359 - Loaded plugin memorymap (category:base,tabindex:4)
2025-05-01 14:09:32,870 [INFO] PluginManage:310 - Check plugin pinoutandconfiguration
2025-05-01 14:09:32,894 [INFO] PluginManage:359 - Loaded plugin pinoutandconfiguration (category:base,tabindex:1)
2025-05-01 14:09:32,894 [INFO] PluginManage:310 - Check plugin pinoutconfig
2025-05-01 14:09:33,178 [WARN] SupportedApi:132 - Cannot load RTOS API schema: s4s-elt-must-match.1: The content of 'definitions' must match (annotation?, (simpleType | complexType)?, (unique | key | keyref)*)). A problem was found starting at: attribute.
2025-05-01 14:09:33,551 [INFO] PluginManage:359 - Loaded plugin pinoutconfig (category:base,tabindex:0)
2025-05-01 14:09:33,552 [INFO] PluginManage:310 - Check plugin power
2025-05-01 14:09:33,583 [INFO] PluginManage:359 - Loaded plugin power (category:power,tabindex:4)
2025-05-01 14:09:33,583 [INFO] PluginManage:310 - Check plugin projectmanager
2025-05-01 14:09:33,646 [INFO] PluginManage:359 - Loaded plugin projectmanager (category:projectmanager,tabindex:4)
2025-05-01 14:09:33,647 [INFO] PluginManage:310 - Check plugin rif
2025-05-01 14:09:33,653 [INFO] PluginManage:359 - Loaded plugin rif (category:base,tabindex:3)
2025-05-01 14:09:33,654 [INFO] PluginManage:310 - Check plugin thirdparty
2025-05-01 14:09:33,880 [INFO] PluginManage:359 - Loaded plugin thirdparty (category:base,tabindex:-1)
2025-05-01 14:09:33,881 [INFO] PluginManage:310 - Check plugin tools
2025-05-01 14:09:33,885 [INFO] PluginManage:359 - Loaded plugin tools (category:base,tabindex:7)
2025-05-01 14:09:33,880 [WARN] IntegrityCheckThread:84 - waiting for thirdparty lock release [integrity check]
2025-05-01 14:09:33,886 [INFO] IntegrityCheckThread:86 - entering critical section [integrity check]
2025-05-01 14:09:33,886 [INFO] PluginManage:310 - Check plugin tutovideos
2025-05-01 14:09:33,887 [INFO] ThirdPartyUpdaterWithRetryManager:70 - Updater plugin not ready yet. [1/15]
2025-05-01 14:09:34,079 [INFO] PluginManage:359 - Loaded plugin tutovideos (category:base,tabindex:-1)
2025-05-01 14:09:34,079 [INFO] PluginManage:310 - Check plugin updater
2025-05-01 14:09:34,111 [INFO] PluginManage:359 - Loaded plugin updater (category:base,tabindex:12)
2025-05-01 14:09:34,111 [INFO] PluginManage:310 - Check plugin userauth
2025-05-01 14:09:34,117 [INFO] UserAuth:118 - Init User Auth plugin
2025-05-01 14:09:34,120 [INFO] PluginManage:359 - Loaded plugin userauth (category:base,tabindex:14)
2025-05-01 14:09:34,123 [INFO] PluginManage:283 - PluginManage : Loaded plugins [18]
2025-05-01 14:09:34,406 [INFO] PinOutPanel:1589 - setPackage(No Configuration,No Configuration)
2025-05-01 14:09:34,500 [INFO] CADModel:165 - CPN selected for project level
2025-05-01 14:09:34,500 [INFO] CADModel:114 - Register for checkConnection events
2025-05-01 14:09:34,513 [INFO] IPUIPlugin:80 - create IPUIPlugin
2025-05-01 14:09:34,514 [INFO] PluginManager:220 - loadIPPluginJar : add mdma
2025-05-01 14:09:34,519 [INFO] IPUIPlugin:80 - create IPUIPlugin
2025-05-01 14:09:34,520 [INFO] PluginManager:220 - loadIPPluginJar : add freertos
2025-05-01 14:09:34,523 [INFO] IPUIPlugin:80 - create IPUIPlugin
2025-05-01 14:09:34,524 [INFO] PluginManager:220 - loadIPPluginJar : add gic
2025-05-01 14:09:34,532 [INFO] IPUIPlugin:80 - create IPUIPlugin
2025-05-01 14:09:34,532 [INFO] PluginManager:220 - loadIPPluginJar : add adc
2025-05-01 14:09:34,535 [INFO] IPUIPlugin:80 - create IPUIPlugin
2025-05-01 14:09:34,535 [INFO] PluginManager:220 - loadIPPluginJar : add gtzc
2025-05-01 14:09:34,536 [INFO] IPUIPlugin:80 - create IPUIPlugin
2025-05-01 14:09:34,536 [INFO] PluginManager:220 - loadIPPluginJar : add quadspi
2025-05-01 14:09:34,537 [INFO] IPUIPlugin:80 - create IPUIPlugin
2025-05-01 14:09:34,537 [INFO] PluginManager:220 - loadIPPluginJar : add aes
2025-05-01 14:09:34,538 [INFO] IPUIPlugin:80 - create IPUIPlugin
2025-05-01 14:09:34,538 [INFO] PluginManager:220 - loadIPPluginJar : add pdm2pcm
2025-05-01 14:09:34,539 [INFO] IPUIPlugin:80 - create IPUIPlugin
2025-05-01 14:09:34,540 [INFO] PluginManager:220 - loadIPPluginJar : add hash
2025-05-01 14:09:34,541 [INFO] IPUIPlugin:80 - create IPUIPlugin
2025-05-01 14:09:34,541 [INFO] PluginManager:220 - loadIPPluginJar : add tim
2025-05-01 14:09:34,542 [INFO] IPUIPlugin:80 - create IPUIPlugin
2025-05-01 14:09:34,542 [INFO] PluginManager:220 - loadIPPluginJar : add tsc
2025-05-01 14:09:34,546 [INFO] IPUIPlugin:80 - create IPUIPlugin
2025-05-01 14:09:34,546 [INFO] PluginManager:220 - loadIPPluginJar : add extmemmanager
2025-05-01 14:09:34,548 [INFO] IPUIPlugin:80 - create IPUIPlugin
2025-05-01 14:09:34,548 [INFO] PluginManager:220 - loadIPPluginJar : add ts
2025-05-01 14:09:34,549 [INFO] IPUIPlugin:80 - create IPUIPlugin
2025-05-01 14:09:34,549 [INFO] PluginManager:220 - loadIPPluginJar : add radio
2025-05-01 14:09:34,551 [INFO] IPUIPlugin:80 - create IPUIPlugin
2025-05-01 14:09:34,551 [INFO] PluginManager:220 - loadIPPluginJar : add can
2025-05-01 14:09:34,552 [INFO] IPUIPlugin:80 - create IPUIPlugin
2025-05-01 14:09:34,552 [INFO] PluginManager:220 - loadIPPluginJar : add dma3
2025-05-01 14:09:34,554 [INFO] IPUIPlugin:80 - create IPUIPlugin
2025-05-01 14:09:34,554 [INFO] PluginManager:220 - loadIPPluginJar : add dfsdm
2025-05-01 14:09:34,555 [INFO] IPUIPlugin:80 - create IPUIPlugin
2025-05-01 14:09:34,556 [INFO] PluginManager:220 - loadIPPluginJar : add spi
2025-05-01 14:09:34,558 [INFO] IPUIPlugin:80 - create IPUIPlugin
2025-05-01 14:09:34,559 [INFO] PluginManager:220 - loadIPPluginJar : add gfxmmu
2025-05-01 14:09:34,561 [INFO] IPUIPlugin:80 - create IPUIPlugin
2025-05-01 14:09:34,561 [INFO] PluginManager:220 - loadIPPluginJar : add genericplugin
2025-05-01 14:09:34,563 [INFO] IPUIPlugin:80 - create IPUIPlugin
2025-05-01 14:09:34,563 [INFO] PluginManager:220 - loadIPPluginJar : add cryp
2025-05-01 14:09:34,567 [INFO] IPUIPlugin:80 - create IPUIPlugin
2025-05-01 14:09:34,568 [INFO] PluginManager:220 - loadIPPluginJar : add gpio
2025-05-01 14:09:34,570 [INFO] IPUIPlugin:80 - create IPUIPlugin
2025-05-01 14:09:34,570 [INFO] PluginManager:220 - loadIPPluginJar : add ddr_ctrl_phy
2025-05-01 14:09:34,571 [INFO] IPUIPlugin:80 - create IPUIPlugin
2025-05-01 14:09:34,572 [INFO] PluginManager:220 - loadIPPluginJar : add comp
2025-05-01 14:09:34,574 [INFO] IPUIPlugin:80 - create IPUIPlugin
2025-05-01 14:09:34,575 [INFO] PluginManager:220 - loadIPPluginJar : add tracer_emb
2025-05-01 14:09:34,578 [INFO] IPUIPlugin:80 - create IPUIPlugin
2025-05-01 14:09:34,578 [INFO] PluginManager:220 - loadIPPluginJar : add openamp
2025-05-01 14:09:34,581 [INFO] IPUIPlugin:80 - create IPUIPlugin
2025-05-01 14:09:34,581 [INFO] PluginManager:220 - loadIPPluginJar : add stm32_wpan
2025-05-01 14:09:34,585 [INFO] IPUIPlugin:80 - create IPUIPlugin
2025-05-01 14:09:34,591 [INFO] PluginManager:220 - loadIPPluginJar : add plateformsettings
2025-05-01 14:09:34,595 [INFO] IPUIPlugin:80 - create IPUIPlugin
2025-05-01 14:09:34,595 [INFO] PluginManager:220 - loadIPPluginJar : add ipddr
2025-05-01 14:09:34,598 [INFO] IPUIPlugin:80 - create IPUIPlugin
2025-05-01 14:09:34,598 [INFO] PluginManager:220 - loadIPPluginJar : add usart
2025-05-01 14:09:34,599 [INFO] IPUIPlugin:80 - create IPUIPlugin
2025-05-01 14:09:34,599 [INFO] PluginManager:220 - loadIPPluginJar : add ltdc
2025-05-01 14:09:34,601 [INFO] IPUIPlugin:80 - create IPUIPlugin
2025-05-01 14:09:34,601 [INFO] PluginManager:220 - loadIPPluginJar : add nvic
2025-05-01 14:09:34,602 [INFO] IPUIPlugin:80 - create IPUIPlugin
2025-05-01 14:09:34,602 [INFO] PluginManager:220 - loadIPPluginJar : add fatfs
2025-05-01 14:09:34,608 [INFO] IPUIPlugin:80 - create IPUIPlugin
2025-05-01 14:09:34,608 [INFO] PluginManager:220 - loadIPPluginJar : add linkedlist
2025-05-01 14:09:34,614 [INFO] IPUIPlugin:80 - create IPUIPlugin
2025-05-01 14:09:34,614 [INFO] PluginManager:220 - loadIPPluginJar : add dma
2025-05-01 14:09:34,617 [INFO] IPUIPlugin:80 - create IPUIPlugin
2025-05-01 14:09:34,617 [INFO] PluginManager:220 - loadIPPluginJar : add fmc
2025-05-01 14:09:34,618 [INFO] IPUIPlugin:80 - create IPUIPlugin
2025-05-01 14:09:34,618 [INFO] PluginManager:220 - loadIPPluginJar : add i2s
2025-05-01 14:09:34,620 [INFO] IPUIPlugin:80 - create IPUIPlugin
2025-05-01 14:09:34,620 [INFO] PluginManager:220 - loadIPPluginJar : add ucpd
2025-05-01 14:09:34,624 [INFO] IPUIPlugin:80 - create IPUIPlugin
2025-05-01 14:09:34,625 [INFO] PluginManager:220 - loadIPPluginJar : add lorawan
2025-05-01 14:09:34,628 [INFO] IPUIPlugin:80 - create IPUIPlugin
2025-05-01 14:09:34,628 [INFO] PluginManager:220 - loadIPPluginJar : add opamp
2025-05-01 14:09:34,630 [INFO] IPUIPlugin:80 - create IPUIPlugin
2025-05-01 14:09:34,630 [INFO] PluginManager:220 - loadIPPluginJar : add i3c
2025-05-01 14:09:34,632 [INFO] IPUIPlugin:80 - create IPUIPlugin
2025-05-01 14:09:34,633 [INFO] PluginManager:220 - loadIPPluginJar : add touchsensing
2025-05-01 14:09:34,636 [INFO] IPUIPlugin:80 - create IPUIPlugin
2025-05-01 14:09:34,636 [INFO] PluginManager:220 - loadIPPluginJar : add i2c
2025-05-01 14:09:34,639 [INFO] IPUIPlugin:80 - create IPUIPlugin
2025-05-01 14:09:34,640 [INFO] PluginManager:220 - loadIPPluginJar : add resmgrutility
2025-05-01 14:09:34,644 [INFO] IPUIPlugin:80 - create IPUIPlugin
2025-05-01 14:09:34,645 [INFO] PluginManager:220 - loadIPPluginJar : add sai
2025-05-01 14:09:34,647 [INFO] IPUIPlugin:80 - create IPUIPlugin
2025-05-01 14:09:34,647 [INFO] PluginManager:220 - loadIPPluginJar : add usbx
2025-05-01 14:09:34,766 [FATAL] Updater:351 - Updater called before beeing initialized
2025-05-01 14:09:34,843 [INFO] RulesReader:64 - Compatibility file has been processed (297 Rules)
2025-05-01 14:09:34,861 [INFO] RulesReader:64 - Compatibility file has been processed (297 Rules)
2025-05-01 14:09:34,872 [INFO] CADModel:165 - CPN selected for project level
2025-05-01 14:09:34,872 [INFO] CADModel:114 - Register for checkConnection events
2025-05-01 14:09:34,872 [FATAL] Updater:351 - Updater called before beeing initialized
2025-05-01 14:09:34,872 [ERROR] CADModel:125 - Updater not yet initialized, retry later 
2025-05-01 14:09:35,171 [FATAL] Updater:351 - Updater called before beeing initialized
2025-05-01 14:09:35,174 [INFO] CADModel:165 - CPN selected for project level
2025-05-01 14:09:35,175 [INFO] CADModel:114 - Register for checkConnection events
2025-05-01 14:09:35,175 [FATAL] Updater:351 - Updater called before beeing initialized
2025-05-01 14:09:35,175 [ERROR] CADModel:125 - Updater not yet initialized, retry later 
2025-05-01 14:09:35,179 [FATAL] Updater:351 - Updater called before beeing initialized
2025-05-01 14:09:35,349 [FATAL] Updater:351 - Updater called before beeing initialized
2025-05-01 14:09:35,355 [INFO] DbMcusAds:53 - JSON generation date=Thu Mar 06 09:54:21 EST 2025 (1741272861825)
2025-05-01 14:09:35,355 [FATAL] Updater:351 - Updater called before beeing initialized
2025-05-01 14:09:35,765 [WARN] DetailPanel:346 - Failed to get advertising image, set to default
2025-05-01 14:09:36,350 [FATAL] Updater:351 - Updater called before beeing initialized
2025-05-01 14:09:36,356 [FATAL] Updater:351 - Updater called before beeing initialized
2025-05-01 14:09:36,356 [FATAL] Updater:351 - Updater called before beeing initialized
2025-05-01 14:09:36,356 [WARN] DetailPanel:346 - Failed to get advertising image, set to default
2025-05-01 14:09:36,361 [FATAL] Updater:351 - Updater called before beeing initialized
2025-05-01 14:09:36,508 [ERROR] Updater:1198 - MainUpdater not yet initialized. External WinMGr cannot be set.
2025-05-01 14:09:36,517 [INFO] Updater:1134 - Updater Version found : 6.13.0
2025-05-01 14:09:36,536 [INFO] ApplicationProperties:184 - Using Application install path: /Applications/STM32CubeIDE.app/Contents/Eclipse/plugins/com.st.stm32cube.common.mx_6.13.0.202411220809
2025-05-01 14:09:36,889 [INFO] MainUpdater:2872 - connection check result : 10
2025-05-01 14:09:36,889 [INFO] ThirdPartyUpdaterWithRetryManager:70 - Updater plugin not ready yet. [2/15]
2025-05-01 14:09:36,890 [INFO] MainUpdater:289 - Updater Check For Update Now.
2025-05-01 14:09:36,891 [INFO] MicroXplorer:498 - Change Database Version : DB.6.0.130
2025-05-01 14:09:36,916 [INFO] McuFinderGlobals:63 - Set McuFinder mode to 2 (CubeIDE integrated)
2025-05-01 14:09:36,916 [INFO] UserAuth:171 - activating auth plugin
2025-05-01 14:09:36,934 [INFO] UserAuth:486 - Internet connection configuration mode: 1
2025-05-01 14:09:36,954 [INFO] JxBrowserEngine:152 - Initiate JxBrowser Engine with user profile folder
2025-05-01 14:09:37,219 [INFO] CheckServerUpdateThread:120 - End of CheckServer Thread
2025-05-01 14:09:41,179 [WARN] PackLoader:240 - Cannot read IP mode file for STMicroelectronics.FP-SNS-MOTENVWB1.1.4.0
2025-05-01 14:09:41,213 [WARN] PackLoader:240 - Cannot read IP mode file for STMicroelectronics.FP-ATR-ASTRA1.2.0.2
2025-05-01 14:09:41,228 [WARN] PackLoader:240 - Cannot read IP mode file for STMicroelectronics.FP-ATR-ASTRA1.2.0.1
2025-05-01 14:09:41,246 [WARN] PackLoader:240 - Cannot read IP mode file for STMicroelectronics.X-CUBE-SMBUS.2.1.0
2025-05-01 14:09:41,260 [WARN] PackLoader:240 - Cannot read IP mode file for STMicroelectronics.X-CUBE-WB05N.1.1.0
2025-05-01 14:09:41,313 [WARN] PackLoader:240 - Cannot read IP mode file for STMicroelectronics.X-CUBE-AZRTOS-F7.1.1.0
2025-05-01 14:09:41,337 [WARN] PackLoader:240 - Cannot read IP mode file for STMicroelectronics.FP-SNS-FLIGHT1.5.0.2
2025-05-01 14:09:41,397 [WARN] PackLoader:240 - Cannot read IP mode file for Infineon.AIROC-Wi-Fi-Bluetooth-STM32.1.7.0
2025-05-01 14:09:41,468 [WARN] PackLoader:240 - Cannot read IP mode file for STMicroelectronics.X-CUBE-DISPLAY.3.0.0
2025-05-01 14:09:41,518 [WARN] PackLoader:240 - Cannot read IP mode file for STMicroelectronics.X-CUBE-BLE1.7.0.0
2025-05-01 14:09:41,542 [WARN] PackLoader:240 - Cannot read IP mode file for STMicroelectronics.X-CUBE-NFC10.1.0.0
2025-05-01 14:09:41,583 [WARN] PackLoader:240 - Cannot read IP mode file for STMicroelectronics.X-CUBE-BLEMGR.4.0.0
2025-05-01 14:09:41,604 [WARN] PackLoader:240 - Cannot read IP mode file for emotas.I-CUBE-CANOPEN.1.3.0
2025-05-01 14:09:41,623 [WARN] PackLoader:240 - Cannot read IP mode file for STMicroelectronics.X-CUBE-AI.10.0.0
2025-05-01 14:09:41,638 [WARN] PackLoader:240 - Cannot read IP mode file for STMicroelectronics.FP-SNS-SMARTAG2.1.2.0
2025-05-01 14:09:41,650 [WARN] PackLoader:240 - Cannot read IP mode file for STMicroelectronics.FP-SNS-FLIGHT1.5.1.0
2025-05-01 14:09:41,842 [WARN] PackLoader:240 - Cannot read IP mode file for STMicroelectronics.X-CUBE-MEMS1.11.1.0
2025-05-01 14:09:42,165 [INFO] LogOutputStream:77 - [STDOUT_REDIRECT] 1 : Invalid condition id : UX_CORESTACK_Condition cause : null
2025-05-01 14:09:42,167 [INFO] LogOutputStream:77 - [STDOUT_REDIRECT] 1 : Invalid condition id : UX_CORESTACK_Condition cause : null
2025-05-01 14:09:42,169 [INFO] LogOutputStream:77 - [STDOUT_REDIRECT] 1 : Invalid condition id : UX_CORESTACK_Condition cause : null
2025-05-01 14:09:42,171 [INFO] LogOutputStream:77 - [STDOUT_REDIRECT] 1 : Invalid condition id : UX_CORESTACK_Condition cause : null
2025-05-01 14:09:42,171 [INFO] LogOutputStream:77 - [STDOUT_REDIRECT] 1 : Invalid condition id : UX_CORESTACK_Condition cause : null
2025-05-01 14:09:42,179 [WARN] PackLoader:240 - Cannot read IP mode file for STMicroelectronics.X-CUBE-AZRTOS-WL.2.0.0
2025-05-01 14:09:42,201 [WARN] PackLoader:240 - Cannot read IP mode file for STMicroelectronics.FP-SNS-MOTENV1.5.0.0
2025-05-01 14:09:42,218 [WARN] PackLoader:240 - Cannot read IP mode file for wolfSSL.I-CUBE-wolfMQTT.1.19.0
2025-05-01 14:09:42,232 [WARN] PackLoader:240 - Cannot read IP mode file for WES.I-CUBE-Cesium.1.3.0
2025-05-01 14:09:42,241 [WARN] PackLoader:240 - Cannot read IP mode file for STMicroelectronics.X-CUBE-BLE2.3.3.0
2025-05-01 14:09:42,252 [WARN] PackLoader:240 - Cannot read IP mode file for STMicroelectronics.X-CUBE-NFC9.1.0.0
2025-05-01 14:09:42,265 [WARN] PackLoader:240 - Cannot read IP mode file for STMicroelectronics.X-CUBE-BLE1.7.1.0
2025-05-01 14:09:42,353 [WARN] PackLoader:240 - Cannot read IP mode file for STMicroelectronics.X-CUBE-MEMS1.11.2.0
2025-05-01 14:09:42,947 [WARN] PackLoader:240 - Cannot read IP mode file for STMicroelectronics.X-CUBE-AZRTOS-G0.1.1.0
2025-05-01 14:09:43,034 [WARN] PackLoader:240 - Cannot read IP mode file for STMicroelectronics.X-CUBE-SAFEA1.1.2.2
2025-05-01 14:09:43,051 [WARN] PackLoader:240 - Cannot read IP mode file for STMicroelectronics.X-CUBE-NFC4.3.0.0
2025-05-01 14:09:43,073 [WARN] PackLoader:240 - Cannot read IP mode file for EmbeddedOffice.I-CUBE-FS-RTOS.1.0.1
2025-05-01 14:09:43,093 [WARN] PackLoader:240 - Cannot read IP mode file for STMicroelectronics.X-CUBE-WB05N.2.0.0
2025-05-01 14:09:43,109 [WARN] PackLoader:240 - Cannot read IP mode file for STMicroelectronics.X-CUBE-TCPP.4.2.0
2025-05-01 14:09:43,118 [WARN] PackLoader:240 - Cannot read IP mode file for RealThread.X-CUBE-RT-Thread_Nano.4.1.1
2025-05-01 14:09:43,124 [WARN] PackLoader:240 - Cannot read IP mode file for STMicroelectronics.FP-ATR-SIGFOX1.3.2.0
2025-05-01 14:09:43,130 [WARN] ConditionMgr:438 - getConditionDescription Invalid condition id : Cortex-A Device cause : null
2025-05-01 14:09:43,222 [WARN] ConditionMgr:1044 - genDependencies : Invalid condition id : Cortex-A Device cause : null
2025-05-01 14:09:43,223 [WARN] ConditionMgr:1044 - genDependencies : Invalid condition id : Cortex-A Device cause : null
2025-05-01 14:09:43,223 [WARN] ConditionMgr:1044 - genDependencies : Invalid condition id : Cortex-A Device cause : null
2025-05-01 14:09:43,234 [WARN] PackLoader:240 - Cannot read IP mode file for STMicroelectronics.X-CUBE-EEPRMA1.5.1.0
2025-05-01 14:09:43,266 [WARN] PackLoader:240 - Cannot read IP mode file for wolfSSL.I-CUBE-wolfSSL.5.7.6
2025-05-01 14:09:43,278 [WARN] PackLoader:240 - Cannot read IP mode file for ITTIA_DB.I-CUBE-ITTIADB.8.9.0
2025-05-01 14:09:43,329 [WARN] PackLoader:240 - Cannot read IP mode file for SEGGER.I-CUBE-embOS.1.3.1
2025-05-01 14:09:43,383 [WARN] PackLoader:240 - Cannot read IP mode file for STMicroelectronics.X-CUBE-ALGOBUILD.1.4.0
2025-05-01 14:09:43,411 [WARN] PackLoader:240 - Cannot read IP mode file for STMicroelectronics.X-CUBE-AZRTOS-F4.1.1.0
2025-05-01 14:09:43,420 [WARN] PackLoader:240 - Cannot read IP mode file for Avnet-IotConnect.X-CUBE-IoTC-DA16k-PMOD.1.0.0
2025-05-01 14:09:43,426 [WARN] PackLoader:240 - Cannot read IP mode file for STMicroelectronics.X-CUBE-ISPU.2.1.0
2025-05-01 14:09:43,445 [WARN] PackLoader:240 - Cannot read IP mode file for STMicroelectronics.X-CUBE-AZRTOS-L5.2.0.0
2025-05-01 14:09:43,459 [WARN] PackLoader:240 - Cannot read IP mode file for STMicroelectronics.X-CUBE-NFC6.3.1.0
2025-05-01 14:09:43,471 [WARN] PackLoader:240 - Cannot read IP mode file for STMicroelectronics.X-CUBE-DPower.1.2.0
2025-05-01 14:09:43,477 [WARN] PackLoader:240 - Cannot read IP mode file for STMicroelectronics.X-CUBE-FREERTOS.1.3.0
2025-05-01 14:09:43,484 [WARN] PackLoader:240 - Cannot read IP mode file for STMicroelectronics.X-CUBE-NFC7.1.0.1
2025-05-01 14:09:43,492 [WARN] PackLoader:240 - Cannot read IP mode file for STMicroelectronics.X-CUBE-DPower.1.3.0
2025-05-01 14:09:43,522 [WARN] ConditionMgr:438 - getConditionDescription Invalid condition id : LAN8742 Phy interface Condition cause : null
2025-05-01 14:09:43,524 [WARN] PackLoader:240 - Cannot read IP mode file for STMicroelectronics.X-CUBE-AZRTOS-L4.2.0.0
2025-05-01 14:09:43,528 [WARN] ConditionMgr:1044 - genDependencies : Invalid condition id : LAN8742 Phy interface Condition cause : null
2025-05-01 14:09:43,528 [WARN] ConditionMgr:1044 - genDependencies : Invalid condition id : LAN8742 Phy interface Condition cause : null
2025-05-01 14:09:43,529 [WARN] ConditionMgr:1044 - genDependencies : Invalid condition id : LAN8742 Phy interface Condition cause : null
2025-05-01 14:09:43,539 [WARN] PackLoader:240 - Cannot read IP mode file for STMicroelectronics.X-CUBE-SFXS2LP1.4.0.0
2025-05-01 14:09:43,579 [WARN] PackLoader:240 - Cannot read IP mode file for STMicroelectronics.X-CUBE-AZRTOS-H7.3.3.0
2025-05-01 14:09:43,604 [WARN] ConditionMgr:438 - getConditionDescription Invalid condition id : UX DEVICE CLASS RTOS Condition cause : null
2025-05-01 14:09:43,605 [WARN] ConditionMgr:438 - getConditionDescription Invalid condition id : UX DEVICE CLASS RTOS Condition cause : null
2025-05-01 14:09:43,609 [WARN] PackLoader:240 - Cannot read IP mode file for STMicroelectronics.X-CUBE-AZRTOS-WB.2.0.0
2025-05-01 14:09:43,610 [WARN] ConditionMgr:1044 - genDependencies : Invalid condition id : UX DEVICE CLASS RTOS Condition cause : null
2025-05-01 14:09:43,610 [WARN] ConditionMgr:1044 - genDependencies : Invalid condition id : UX DEVICE CLASS RTOS Condition cause : null
2025-05-01 14:09:43,611 [WARN] ConditionMgr:1044 - genDependencies : Invalid condition id : UX DEVICE CLASS RTOS Condition cause : null
2025-05-01 14:09:43,612 [WARN] ConditionMgr:1044 - genDependencies : Invalid condition id : UX DEVICE CLASS RTOS Condition cause : null
2025-05-01 14:09:43,612 [WARN] ConditionMgr:1044 - genDependencies : Invalid condition id : UX DEVICE CLASS RTOS Condition cause : null
2025-05-01 14:09:43,621 [WARN] PackLoader:240 - Cannot read IP mode file for STMicroelectronics.X-CUBE-GNSS1.7.0.1
2025-05-01 14:09:43,630 [WARN] PackLoader:240 - Cannot read IP mode file for STMicroelectronics.X-CUBE-TOUCHGFX.4.25.0
2025-05-01 14:09:43,638 [WARN] PackLoader:240 - Cannot read IP mode file for STMicroelectronics.FP-SNS-STBOX1.2.0.0
2025-05-01 14:09:43,654 [WARN] PackLoader:240 - Cannot read IP mode file for STMicroelectronics.X-CUBE-SUBG2.5.0.0
2025-05-01 14:09:43,701 [WARN] PackLoader:240 - Cannot read IP mode file for STMicroelectronics.X-CUBE-AZRTOS-H7RS.1.1.0
2025-05-01 14:09:43,712 [WARN] PackLoader:240 - Cannot read IP mode file for Cesanta.I-CUBE-Mongoose.7.13.0
2025-05-01 14:09:43,732 [WARN] PackLoader:240 - Cannot read IP mode file for STMicroelectronics.X-CUBE-AZRTOS-G4.2.0.0
2025-05-01 14:09:43,748 [WARN] PackLoader:240 - Cannot read IP mode file for STMicroelectronics.X-CUBE-NFC7.2.0.0
2025-05-01 14:09:43,765 [WARN] PackLoader:240 - Cannot read IP mode file for STMicroelectronics.X-CUBE-IPS.3.1.0
2025-05-01 14:09:43,773 [WARN] PackLoader:240 - Cannot read IP mode file for STMicroelectronics.X-CUBE-ALS.1.0.2
2025-05-01 14:09:43,779 [WARN] PackLoader:240 - Cannot read IP mode file for STMicroelectronics.X-CUBE-TOUCHGFX.4.24.2
2025-05-01 14:09:43,784 [WARN] PackLoader:240 - Cannot read IP mode file for wolfSSL.I-CUBE-wolfTPM.3.4.0
2025-05-01 14:09:43,792 [WARN] PackLoader:240 - Cannot read IP mode file for portGmbH.I-Cube-SoM-uGOAL.1.1.0
2025-05-01 14:09:43,821 [WARN] PackLoader:240 - Cannot read IP mode file for STMicroelectronics.X-CUBE-AZRTOS-H7RS.1.0.0
2025-05-01 14:09:43,838 [WARN] PackLoader:240 - Cannot read IP mode file for STMicroelectronics.X-CUBE-TOF1.3.4.2
2025-05-01 14:09:43,864 [WARN] PackLoader:240 - Cannot read IP mode file for STMicroelectronics.X-CUBE-TOF1.3.4.3
2025-05-01 14:09:43,879 [WARN] PackLoader:240 - Cannot read IP mode file for wolfSSL.I-CUBE-wolfSSH.1.4.17
2025-05-01 14:09:43,881 [INFO] ThirdParty:978 - Integrity check success = true
2025-05-01 14:09:43,881 [INFO] IntegrityCheckThread:100 - exiting critical section [integrity check]
2025-05-01 14:09:43,881 [INFO] IntegrityCheckThread:103 - End integrity checks thread
2025-05-01 14:10:47,653 [INFO] WebApp:168 - Instantiating new browser for Auth
2025-05-01 14:10:50,228 [INFO] WebApp:449 - Apply proxy settings
2025-05-01 14:10:50,280 [INFO] WebApp:494 - Chromium authenticates against Manually configured proxy
2025-05-01 14:10:50,311 [INFO] WebApp:502 - Username used for proxy authentication: 
2025-05-01 14:10:50,420 [INFO] WebApp:880 - Register for checkConnection events
2025-05-01 14:10:50,423 [INFO] WebApp:449 - Apply proxy settings
2025-05-01 14:10:50,431 [INFO] WebApp:494 - Chromium authenticates against Manually configured proxy
2025-05-01 14:10:50,431 [INFO] WebApp:502 - Username used for proxy authentication: 
2025-05-01 14:10:51,195 [INFO] WebApp:187 - Connection restablished
2025-05-01 14:10:51,381 [INFO] WebApp:221 - Starting web application
2025-05-01 14:10:51,381 [INFO] WebApp:579 - Web application path used /Applications/STM32CubeIDE.app/Contents/Eclipse/plugins/com.st.stm32cube.common.mx_6.13.0.202411220809/db/plugins/mcufinder/reactClient1/index.html
2025-05-01 15:52:42,061 [INFO] WebApp:190 - Connection lost
2025-05-01 15:52:49,669 [INFO] WebApp:187 - Connection restablished
2025-05-01 15:53:37,997 [INFO] WebApp:190 - Connection lost
2025-05-01 15:53:43,768 [INFO] WebApp:187 - Connection restablished
2025-05-01 15:54:32,903 [INFO] WebApp:190 - Connection lost
2025-05-01 15:54:38,744 [INFO] WebApp:187 - Connection restablished
2025-05-01 17:28:57,286 [INFO] WebApp:190 - Connection lost
2025-05-01 17:29:49,938 [INFO] WebApp:187 - Connection restablished
2025-05-01 17:30:56,324 [INFO] WebApp:190 - Connection lost
2025-05-01 17:31:02,464 [INFO] WebApp:187 - Connection restablished
2025-05-01 17:31:53,245 [INFO] WebApp:190 - Connection lost
2025-05-01 18:36:15,076 [INFO] WebApp:187 - Connection restablished
