2025-03-29 11:35:53,553 [INFO] WebApp:190 - Connection lost
2025-03-29 12:27:56,091 [INFO] WebApp:187 - Connection restablished
2025-03-29 12:34:38,134 [INFO] WebApp:190 - Connection lost
2025-03-29 12:34:49,665 [INFO] WebApp:187 - Connection restablished
2025-03-29 12:44:11,879 [INFO] WebApp:190 - Connection lost
2025-03-29 12:44:19,601 [INFO] WebApp:187 - Connection restablished
2025-03-29 12:46:45,411 [INFO] WebApp:190 - Connection lost
2025-03-29 12:46:51,093 [INFO] WebApp:187 - Connection restablished
2025-03-29 12:58:44,976 [INFO] WebApp:190 - Connection lost
2025-03-29 12:59:48,191 [INFO] WebApp:187 - Connection restablished
2025-03-29 13:16:16,437 [INFO] WebApp:190 - Connection lost
2025-03-29 13:16:24,954 [INFO] WebApp:187 - Connection restablished
2025-03-29 13:21:57,585 [INFO] WebApp:190 - Connection lost
2025-03-29 13:22:07,789 [INFO] WebApp:187 - Connection restablished
2025-03-29 13:43:07,603 [INFO] WebApp:190 - Connection lost
2025-03-29 14:08:16,224 [INFO] WebApp:187 - Connection restablished
2025-03-29 19:17:45,761 [INFO] WebApp:190 - Connection lost
2025-03-29 19:17:48,836 [INFO] WebApp:187 - Connection restablished
2025-03-29 19:19:42,970 [INFO] WebApp:190 - Connection lost
2025-03-29 19:19:46,599 [INFO] WebApp:187 - Connection restablished
2025-03-29 19:21:03,078 [INFO] WebApp:190 - Connection lost
2025-03-29 19:21:03,662 [INFO] WebApp:187 - Connection restablished
2025-03-29 19:22:18,511 [INFO] WebApp:190 - Connection lost
2025-03-29 19:22:23,376 [INFO] WebApp:187 - Connection restablished
2025-03-29 19:23:04,752 [INFO] WebApp:190 - Connection lost
2025-03-29 19:23:05,435 [INFO] WebApp:187 - Connection restablished
2025-03-29 19:24:18,094 [INFO] WebApp:190 - Connection lost
2025-03-29 19:24:18,642 [INFO] WebApp:187 - Connection restablished
2025-03-29 19:31:17,054 [INFO] WebApp:190 - Connection lost
2025-03-29 19:31:19,709 [INFO] WebApp:187 - Connection restablished
2025-03-29 19:33:13,458 [INFO] WebApp:190 - Connection lost
2025-03-29 19:33:15,150 [INFO] WebApp:187 - Connection restablished
2025-03-29 19:34:25,538 [INFO] WebApp:190 - Connection lost
2025-03-29 19:34:27,075 [INFO] WebApp:187 - Connection restablished
2025-03-29 19:35:08,278 [INFO] WebApp:190 - Connection lost
2025-03-29 19:35:12,420 [INFO] WebApp:187 - Connection restablished
2025-03-29 19:35:54,012 [INFO] WebApp:190 - Connection lost
2025-03-29 19:35:54,403 [INFO] WebApp:187 - Connection restablished
2025-03-29 19:37:36,170 [INFO] WebApp:190 - Connection lost
2025-03-29 19:37:36,648 [INFO] WebApp:187 - Connection restablished
2025-03-29 19:38:20,070 [INFO] WebApp:190 - Connection lost
2025-03-29 19:38:20,634 [INFO] WebApp:187 - Connection restablished
2025-03-29 19:40:03,676 [INFO] WebApp:190 - Connection lost
2025-03-29 19:40:06,975 [INFO] WebApp:187 - Connection restablished
2025-03-29 19:40:48,523 [INFO] WebApp:190 - Connection lost
2025-03-29 19:40:54,232 [INFO] WebApp:187 - Connection restablished
2025-03-29 19:42:04,958 [INFO] WebApp:190 - Connection lost
2025-03-29 19:42:06,449 [INFO] WebApp:187 - Connection restablished
2025-03-29 19:42:48,682 [INFO] WebApp:190 - Connection lost
2025-03-29 19:42:50,136 [INFO] WebApp:187 - Connection restablished
2025-03-29 19:44:02,081 [INFO] WebApp:190 - Connection lost
2025-03-29 19:44:05,232 [INFO] WebApp:187 - Connection restablished
2025-03-29 19:52:00,100 [INFO] WebApp:190 - Connection lost
2025-03-29 19:52:01,217 [INFO] WebApp:187 - Connection restablished
2025-03-29 19:55:17,346 [INFO] WebApp:190 - Connection lost
2025-03-29 19:55:20,861 [INFO] WebApp:187 - Connection restablished
2025-03-29 20:11:04,227 [INFO] WebApp:190 - Connection lost
2025-03-29 20:11:05,516 [INFO] WebApp:187 - Connection restablished
2025-03-29 20:12:47,003 [INFO] WebApp:190 - Connection lost
2025-03-29 20:12:47,950 [INFO] WebApp:187 - Connection restablished
2025-03-29 20:13:29,143 [INFO] WebApp:190 - Connection lost
2025-03-29 20:13:33,025 [INFO] WebApp:187 - Connection restablished
2025-03-29 20:14:14,983 [INFO] WebApp:190 - Connection lost
2025-03-29 20:14:17,006 [INFO] WebApp:187 - Connection restablished
2025-03-29 20:31:47,577 [INFO] WebApp:190 - Connection lost
2025-03-29 20:31:48,760 [INFO] WebApp:187 - Connection restablished
2025-03-29 20:42:46,720 [INFO] WebApp:190 - Connection lost
2025-03-29 20:42:47,378 [INFO] WebApp:187 - Connection restablished
2025-03-29 20:43:34,982 [INFO] WebApp:190 - Connection lost
2025-03-29 20:43:35,922 [INFO] WebApp:187 - Connection restablished
2025-03-29 20:44:18,163 [INFO] WebApp:190 - Connection lost
2025-03-29 20:44:19,723 [INFO] WebApp:187 - Connection restablished
2025-03-29 20:45:02,953 [INFO] WebApp:190 - Connection lost
2025-03-29 20:45:04,249 [INFO] WebApp:187 - Connection restablished
2025-03-29 21:02:35,744 [INFO] WebApp:190 - Connection lost
2025-03-29 21:02:36,995 [INFO] WebApp:187 - Connection restablished
2025-03-29 21:03:18,708 [INFO] WebApp:190 - Connection lost
2025-03-29 21:03:20,166 [INFO] WebApp:187 - Connection restablished
2025-03-29 21:04:54,221 [INFO] WebApp:190 - Connection lost
2025-03-29 21:04:55,536 [INFO] WebApp:187 - Connection restablished
2025-03-29 21:05:36,796 [INFO] WebApp:190 - Connection lost
2025-03-29 21:05:37,367 [INFO] WebApp:187 - Connection restablished
2025-03-29 21:06:53,080 [INFO] WebApp:190 - Connection lost
2025-03-29 21:06:53,725 [INFO] WebApp:187 - Connection restablished
2025-03-29 21:07:34,225 [INFO] WebApp:190 - Connection lost
2025-03-29 21:07:37,222 [INFO] WebApp:187 - Connection restablished
2025-03-29 21:08:20,569 [INFO] WebApp:190 - Connection lost
2025-03-29 21:08:21,158 [INFO] WebApp:187 - Connection restablished
2025-03-29 21:09:02,503 [INFO] WebApp:190 - Connection lost
2025-03-29 21:09:04,871 [INFO] WebApp:187 - Connection restablished
2025-03-29 21:09:45,801 [INFO] WebApp:190 - Connection lost
2025-03-29 21:09:46,659 [INFO] WebApp:187 - Connection restablished
2025-03-29 21:11:58,508 [INFO] WebApp:190 - Connection lost
2025-03-29 21:11:59,811 [INFO] WebApp:187 - Connection restablished
2025-03-29 21:13:11,179 [INFO] WebApp:190 - Connection lost
2025-03-29 21:13:12,091 [INFO] WebApp:187 - Connection restablished
2025-03-29 21:13:53,515 [INFO] WebApp:190 - Connection lost
2025-03-29 21:13:54,130 [INFO] WebApp:187 - Connection restablished
2025-03-29 21:14:35,802 [INFO] WebApp:190 - Connection lost
2025-03-29 21:14:39,890 [INFO] WebApp:187 - Connection restablished
2025-03-29 21:15:20,732 [INFO] WebApp:190 - Connection lost
2025-03-29 21:15:22,322 [INFO] WebApp:187 - Connection restablished
2025-03-29 21:16:03,423 [INFO] WebApp:190 - Connection lost
2025-03-29 21:16:04,161 [INFO] WebApp:187 - Connection restablished
2025-03-29 21:16:44,615 [INFO] WebApp:190 - Connection lost
2025-03-29 21:16:45,311 [INFO] WebApp:187 - Connection restablished
2025-03-29 21:18:00,427 [INFO] WebApp:190 - Connection lost
2025-03-29 21:18:01,721 [INFO] WebApp:187 - Connection restablished
2025-03-29 21:18:43,081 [INFO] WebApp:190 - Connection lost
2025-03-29 21:18:43,489 [INFO] WebApp:187 - Connection restablished
2025-03-29 21:19:25,903 [INFO] WebApp:190 - Connection lost
2025-03-29 21:19:27,599 [INFO] WebApp:187 - Connection restablished
2025-03-29 21:20:38,993 [INFO] WebApp:190 - Connection lost
2025-03-29 21:20:42,592 [INFO] WebApp:187 - Connection restablished
2025-03-29 21:24:34,073 [INFO] WebApp:190 - Connection lost
2025-03-29 21:24:35,084 [INFO] WebApp:187 - Connection restablished
2025-03-29 21:25:16,918 [INFO] WebApp:190 - Connection lost
2025-03-29 21:25:20,557 [INFO] WebApp:187 - Connection restablished
2025-03-29 21:26:02,479 [INFO] WebApp:190 - Connection lost
2025-03-29 21:26:06,405 [INFO] WebApp:187 - Connection restablished
2025-03-29 21:26:46,768 [INFO] WebApp:190 - Connection lost
2025-03-29 21:26:50,110 [INFO] WebApp:187 - Connection restablished
2025-03-29 21:27:30,762 [INFO] WebApp:190 - Connection lost
2025-03-29 21:27:31,615 [INFO] WebApp:187 - Connection restablished
2025-03-29 21:28:13,872 [INFO] WebApp:190 - Connection lost
2025-03-29 21:28:14,329 [INFO] WebApp:187 - Connection restablished
2025-03-29 21:28:54,911 [INFO] WebApp:190 - Connection lost
2025-03-29 21:28:58,369 [INFO] WebApp:187 - Connection restablished
2025-03-29 21:29:40,693 [INFO] WebApp:190 - Connection lost
2025-03-29 21:29:41,766 [INFO] WebApp:187 - Connection restablished
2025-03-29 21:31:10,757 [INFO] WebApp:190 - Connection lost
2025-03-29 21:31:16,376 [INFO] WebApp:187 - Connection restablished
2025-03-29 21:31:57,814 [INFO] WebApp:190 - Connection lost
2025-03-29 21:31:58,267 [INFO] WebApp:187 - Connection restablished
2025-03-29 21:32:39,932 [INFO] WebApp:190 - Connection lost
2025-03-29 21:32:41,096 [INFO] WebApp:187 - Connection restablished
2025-03-29 21:33:21,867 [INFO] WebApp:190 - Connection lost
2025-03-29 21:33:25,566 [INFO] WebApp:187 - Connection restablished
2025-03-29 21:34:07,157 [INFO] WebApp:190 - Connection lost
2025-03-29 21:34:10,130 [INFO] WebApp:187 - Connection restablished
2025-03-29 21:35:19,988 [INFO] WebApp:190 - Connection lost
2025-03-29 21:35:22,987 [INFO] WebApp:187 - Connection restablished
2025-03-29 21:36:04,684 [INFO] WebApp:190 - Connection lost
2025-03-29 21:36:05,747 [INFO] WebApp:187 - Connection restablished
2025-03-29 21:36:47,891 [INFO] WebApp:190 - Connection lost
2025-03-29 21:36:49,205 [INFO] WebApp:187 - Connection restablished
2025-03-29 21:38:31,297 [INFO] WebApp:190 - Connection lost
2025-03-29 21:38:36,439 [INFO] WebApp:187 - Connection restablished
2025-03-29 23:26:57,536 [INFO] Activator:176 - 


2025-03-29 23:26:57,540 [INFO] Activator:177 - !SESSION log4j initialized
2025-03-29 23:27:09,140 [INFO] LogOutputStream:77 - [STDOUT_REDIRECT] 
2025-03-29 23:27:11,867 [ERROR] LogOutputStream:75 - [STDERR_REDIRECT] 
2025-03-29 23:27:16,158 [INFO] LogOutputStream:77 - [STDOUT_REDIRECT] 
2025-03-29 23:27:17,416 [INFO] ApplicationProperties:184 - Using Application install path: /Applications/STM32CubeIDE.app/Contents/Eclipse/plugins/com.st.stm32cube.common.mx_6.13.0.202411220809
2025-03-29 23:27:17,440 [INFO] DbMcusXml:78 - Set database path to: /Applications/STM32CubeIDE.app/Contents/Eclipse/plugins/com.st.stm32cube.common.mx_6.13.0.202411220809//db//mcu/
2025-03-29 23:27:17,440 [INFO] ApiDb:274 - Set plugin database path to: /Applications/STM32CubeIDE.app/Contents/Eclipse/plugins/com.st.stm32cube.common.mx_6.13.0.202411220809//db//plugins/boardmanager/
2025-03-29 23:27:17,441 [WARN] ApiDb:259 - Overriding images path with different value:  => /Applications/STM32CubeIDE.app/Contents/Eclipse/plugins/com.st.stm32cube.common.mx_6.13.0.202411220809//db//plugins/mcufinder/images/
2025-03-29 23:27:17,450 [INFO] ApiDb:250 - Set database path to: /Users/jonahk/.stmcufinder/plugins/mcufinder//mcu/
2025-03-29 23:27:17,452 [INFO] DbMcusAds:125 - Set database path to: /Users/jonahk/.stmcufinder/plugins/mcufinder//mcu/
2025-03-29 23:27:17,456 [INFO] CrossReferenceDbSqlite:203 - Set database path to: /Users/jonahk/.stmcufinder/plugins/mcufinder//mcu/cs/
2025-03-29 23:27:17,639 [INFO] RulesReader:64 - Compatibility file has been processed (297 Rules)
2025-03-29 23:27:17,786 [INFO] DbMcusXml:78 - Set database path to: /Applications/STM32CubeIDE.app/Contents/Eclipse/plugins/com.st.stm32cube.common.mx_6.13.0.202411220809//db//mcu/
2025-03-29 23:27:17,787 [INFO] ApiDb:274 - Set plugin database path to: /Applications/STM32CubeIDE.app/Contents/Eclipse/plugins/com.st.stm32cube.common.mx_6.13.0.202411220809//db//plugins/boardmanager/
2025-03-29 23:27:17,787 [INFO] ApiDb:261 - Set plugin images path to: /Applications/STM32CubeIDE.app/Contents/Eclipse/plugins/com.st.stm32cube.common.mx_6.13.0.202411220809//db//plugins/mcufinder/images/
2025-03-29 23:27:17,788 [WARN] DbFile:41 - Overriding database path with different value: /Users/jonahk/.stmcufinder/plugins/mcufinder/ => /Users/jonahk/.stmcufinder/plugins/mcufinder
2025-03-29 23:27:17,788 [INFO] ApiDb:250 - Set database path to: /Users/jonahk/.stmcufinder/plugins/mcufinder//mcu/
2025-03-29 23:27:17,788 [WARN] DbFile:41 - Overriding database path with different value: /Users/jonahk/.stmcufinder/plugins/mcufinder/ => /Users/jonahk/.stmcufinder/plugins/mcufinder
2025-03-29 23:27:17,788 [INFO] DbMcusAds:125 - Set database path to: /Users/jonahk/.stmcufinder/plugins/mcufinder//mcu/
2025-03-29 23:27:17,788 [WARN] DbFile:41 - Overriding database path with different value: /Users/jonahk/.stmcufinder/plugins/mcufinder/ => /Users/jonahk/.stmcufinder/plugins/mcufinder
2025-03-29 23:27:17,788 [WARN] DbFile:41 - Overriding database path with different value: /Users/jonahk/.stmcufinder/plugins/mcufinder/ => /Users/jonahk/.stmcufinder/plugins/mcufinder
2025-03-29 23:27:17,789 [INFO] CrossReferenceDbSqlite:203 - Set database path to: /Users/jonahk/.stmcufinder/plugins/mcufinder//mcu/cs/
2025-03-29 23:27:17,901 [INFO] MainPanel:272 - HeapMemory: 281018368
2025-03-29 23:27:19,087 [INFO] DbMcusXml:78 - Set database path to: /Applications/STM32CubeIDE.app/Contents/Eclipse/plugins/com.st.stm32cube.common.mx_6.13.0.202411220809//db//mcu/
2025-03-29 23:27:19,089 [INFO] ApiDb:274 - Set plugin database path to: /Applications/STM32CubeIDE.app/Contents/Eclipse/plugins/com.st.stm32cube.common.mx_6.13.0.202411220809//db//plugins/boardmanager/
2025-03-29 23:27:19,089 [INFO] ApiDb:261 - Set plugin images path to: /Applications/STM32CubeIDE.app/Contents/Eclipse/plugins/com.st.stm32cube.common.mx_6.13.0.202411220809//db//plugins/mcufinder/images/
2025-03-29 23:27:19,090 [WARN] DbFile:41 - Overriding database path with different value: /Users/jonahk/.stmcufinder/plugins/mcufinder/ => /Users/jonahk/.stmcufinder/plugins/mcufinder
2025-03-29 23:27:19,090 [INFO] ApiDb:250 - Set database path to: /Users/jonahk/.stmcufinder/plugins/mcufinder//mcu/
2025-03-29 23:27:19,090 [WARN] DbFile:41 - Overriding database path with different value: /Users/jonahk/.stmcufinder/plugins/mcufinder/ => /Users/jonahk/.stmcufinder/plugins/mcufinder
2025-03-29 23:27:19,090 [INFO] DbMcusAds:125 - Set database path to: /Users/jonahk/.stmcufinder/plugins/mcufinder//mcu/
2025-03-29 23:27:19,090 [WARN] DbFile:41 - Overriding database path with different value: /Users/jonahk/.stmcufinder/plugins/mcufinder/ => /Users/jonahk/.stmcufinder/plugins/mcufinder
2025-03-29 23:27:19,090 [WARN] DbFile:41 - Overriding database path with different value: /Users/jonahk/.stmcufinder/plugins/mcufinder/ => /Users/jonahk/.stmcufinder/plugins/mcufinder
2025-03-29 23:27:19,090 [INFO] CrossReferenceDbSqlite:203 - Set database path to: /Users/jonahk/.stmcufinder/plugins/mcufinder//mcu/cs/
2025-03-29 23:27:19,131 [INFO] ApplicationProperties:184 - Using Application install path: /Applications/STM32CubeIDE.app/Contents/Eclipse/plugins/com.st.stm32cube.common.mx_6.13.0.202411220809
2025-03-29 23:27:19,135 [INFO] PluginManage:196 - Search for loadable plugins [exclusion list=, ]
2025-03-29 23:27:19,137 [INFO] PluginManage:310 - Check plugin analytics
2025-03-29 23:27:19,489 [INFO] AnalyticsPlugin:253 - Accepted Software Licenses: STM32CubeMX.6.13.0
2025-03-29 23:27:19,489 [INFO] AnalyticsPlugin:255 - Accepted CMSIS Pack Licenses: 
2025-03-29 23:27:19,489 [INFO] AnalyticsPlugin:257 - Accepted Firmware Licenses: 
2025-03-29 23:27:19,506 [INFO] PluginManage:359 - Loaded plugin analytics (category:tool,tabindex:-1)
2025-03-29 23:27:19,509 [INFO] PluginManage:310 - Check plugin cadmodel
2025-03-29 23:27:19,530 [INFO] CADModel:105 - Init CAD model plugin
2025-03-29 23:27:19,530 [INFO] PluginManage:359 - Loaded plugin cadmodel (category:power,tabindex:5)
2025-03-29 23:27:19,531 [INFO] PluginManage:310 - Check plugin clock
2025-03-29 23:27:19,547 [INFO] PluginManage:359 - Loaded plugin clock (category:base,tabindex:2)
2025-03-29 23:27:19,547 [INFO] PluginManage:310 - Check plugin ddr
2025-03-29 23:27:19,550 [INFO] PluginManage:359 - Loaded plugin ddr (category:tool,tabindex:6)
2025-03-29 23:27:19,551 [INFO] PluginManage:310 - Check plugin filemanager
2025-03-29 23:27:19,763 [INFO] PluginManage:359 - Loaded plugin filemanager (category:base,tabindex:10)
2025-03-29 23:27:19,765 [INFO] PluginManage:310 - Check plugin ipmanager
2025-03-29 23:27:19,776 [INFO] PluginManage:359 - Loaded plugin ipmanager (category:base,tabindex:5)
2025-03-29 23:27:19,777 [INFO] PluginManage:310 - Check plugin lpbam
2025-03-29 23:27:19,791 [INFO] PluginManage:359 - Loaded plugin lpbam (category:base,tabindex:0)
2025-03-29 23:27:19,792 [INFO] PluginManage:310 - Check plugin memorymap
2025-03-29 23:27:19,811 [INFO] PluginManage:359 - Loaded plugin memorymap (category:base,tabindex:4)
2025-03-29 23:27:19,812 [INFO] PluginManage:310 - Check plugin pinoutandconfiguration
2025-03-29 23:27:19,823 [INFO] PluginManage:359 - Loaded plugin pinoutandconfiguration (category:base,tabindex:1)
2025-03-29 23:27:19,823 [INFO] PluginManage:310 - Check plugin pinoutconfig
2025-03-29 23:27:19,983 [WARN] SupportedApi:132 - Cannot load RTOS API schema: s4s-elt-must-match.1: The content of 'definitions' must match (annotation?, (simpleType | complexType)?, (unique | key | keyref)*)). A problem was found starting at: attribute.
2025-03-29 23:27:20,919 [INFO] PluginManage:359 - Loaded plugin pinoutconfig (category:base,tabindex:0)
2025-03-29 23:27:20,942 [INFO] PluginManage:310 - Check plugin power
2025-03-29 23:27:21,015 [ERROR] LogOutputStream:75 - [STDERR_REDIRECT] [Fatal Error] :2:10: DOCTYPE is disallowed when the feature "http://apache.org/xml/features/disallow-doctype-decl" set to true.
2025-03-29 23:27:21,033 [ERROR] LogOutputStream:75 - [STDERR_REDIRECT] 
2025-03-29 23:27:21,078 [INFO] PluginManage:359 - Loaded plugin power (category:power,tabindex:4)
2025-03-29 23:27:21,081 [INFO] PluginManage:310 - Check plugin projectmanager
2025-03-29 23:27:21,283 [INFO] PluginManage:359 - Loaded plugin projectmanager (category:projectmanager,tabindex:4)
2025-03-29 23:27:21,284 [INFO] PluginManage:310 - Check plugin rif
2025-03-29 23:27:21,295 [INFO] PluginManage:359 - Loaded plugin rif (category:base,tabindex:3)
2025-03-29 23:27:21,295 [INFO] PluginManage:310 - Check plugin thirdparty
2025-03-29 23:27:21,685 [INFO] PluginManage:359 - Loaded plugin thirdparty (category:base,tabindex:-1)
2025-03-29 23:27:21,686 [INFO] PluginManage:310 - Check plugin tools
2025-03-29 23:27:21,685 [WARN] IntegrityCheckThread:84 - waiting for thirdparty lock release [integrity check]
2025-03-29 23:27:21,686 [INFO] IntegrityCheckThread:86 - entering critical section [integrity check]
2025-03-29 23:27:21,687 [INFO] ThirdPartyUpdaterWithRetryManager:70 - Updater plugin not ready yet. [1/15]
2025-03-29 23:27:21,690 [INFO] PluginManage:359 - Loaded plugin tools (category:base,tabindex:7)
2025-03-29 23:27:21,690 [INFO] PluginManage:310 - Check plugin tutovideos
2025-03-29 23:27:21,923 [INFO] PluginManage:359 - Loaded plugin tutovideos (category:base,tabindex:-1)
2025-03-29 23:27:21,924 [INFO] PluginManage:310 - Check plugin updater
2025-03-29 23:27:21,959 [INFO] PluginManage:359 - Loaded plugin updater (category:base,tabindex:12)
2025-03-29 23:27:21,959 [INFO] PluginManage:310 - Check plugin userauth
2025-03-29 23:27:21,966 [INFO] UserAuth:118 - Init User Auth plugin
2025-03-29 23:27:21,968 [INFO] PluginManage:359 - Loaded plugin userauth (category:base,tabindex:14)
2025-03-29 23:27:21,970 [INFO] PluginManage:283 - PluginManage : Loaded plugins [18]
2025-03-29 23:27:22,285 [INFO] PinOutPanel:1589 - setPackage(No Configuration,No Configuration)
2025-03-29 23:27:22,414 [INFO] CADModel:165 - CPN selected for project level
2025-03-29 23:27:22,415 [INFO] CADModel:114 - Register for checkConnection events
2025-03-29 23:27:22,426 [INFO] IPUIPlugin:80 - create IPUIPlugin
2025-03-29 23:27:22,427 [INFO] PluginManager:220 - loadIPPluginJar : add mdma
2025-03-29 23:27:22,433 [INFO] IPUIPlugin:80 - create IPUIPlugin
2025-03-29 23:27:22,434 [INFO] PluginManager:220 - loadIPPluginJar : add freertos
2025-03-29 23:27:22,438 [INFO] IPUIPlugin:80 - create IPUIPlugin
2025-03-29 23:27:22,439 [INFO] PluginManager:220 - loadIPPluginJar : add gic
2025-03-29 23:27:22,446 [INFO] IPUIPlugin:80 - create IPUIPlugin
2025-03-29 23:27:22,446 [INFO] PluginManager:220 - loadIPPluginJar : add adc
2025-03-29 23:27:22,448 [INFO] IPUIPlugin:80 - create IPUIPlugin
2025-03-29 23:27:22,448 [INFO] PluginManager:220 - loadIPPluginJar : add gtzc
2025-03-29 23:27:22,449 [INFO] IPUIPlugin:80 - create IPUIPlugin
2025-03-29 23:27:22,450 [INFO] PluginManager:220 - loadIPPluginJar : add quadspi
2025-03-29 23:27:22,451 [INFO] IPUIPlugin:80 - create IPUIPlugin
2025-03-29 23:27:22,451 [INFO] PluginManager:220 - loadIPPluginJar : add aes
2025-03-29 23:27:22,452 [INFO] IPUIPlugin:80 - create IPUIPlugin
2025-03-29 23:27:22,453 [INFO] PluginManager:220 - loadIPPluginJar : add pdm2pcm
2025-03-29 23:27:22,454 [INFO] IPUIPlugin:80 - create IPUIPlugin
2025-03-29 23:27:22,454 [INFO] PluginManager:220 - loadIPPluginJar : add hash
2025-03-29 23:27:22,455 [INFO] IPUIPlugin:80 - create IPUIPlugin
2025-03-29 23:27:22,455 [INFO] PluginManager:220 - loadIPPluginJar : add tim
2025-03-29 23:27:22,456 [INFO] IPUIPlugin:80 - create IPUIPlugin
2025-03-29 23:27:22,456 [INFO] PluginManager:220 - loadIPPluginJar : add tsc
2025-03-29 23:27:22,460 [INFO] IPUIPlugin:80 - create IPUIPlugin
2025-03-29 23:27:22,461 [INFO] PluginManager:220 - loadIPPluginJar : add extmemmanager
2025-03-29 23:27:22,462 [INFO] IPUIPlugin:80 - create IPUIPlugin
2025-03-29 23:27:22,462 [INFO] PluginManager:220 - loadIPPluginJar : add ts
2025-03-29 23:27:22,463 [INFO] IPUIPlugin:80 - create IPUIPlugin
2025-03-29 23:27:22,464 [INFO] PluginManager:220 - loadIPPluginJar : add radio
2025-03-29 23:27:22,465 [INFO] IPUIPlugin:80 - create IPUIPlugin
2025-03-29 23:27:22,465 [INFO] PluginManager:220 - loadIPPluginJar : add can
2025-03-29 23:27:22,466 [INFO] IPUIPlugin:80 - create IPUIPlugin
2025-03-29 23:27:22,466 [INFO] PluginManager:220 - loadIPPluginJar : add dma3
2025-03-29 23:27:22,467 [INFO] IPUIPlugin:80 - create IPUIPlugin
2025-03-29 23:27:22,467 [INFO] PluginManager:220 - loadIPPluginJar : add dfsdm
2025-03-29 23:27:22,468 [INFO] IPUIPlugin:80 - create IPUIPlugin
2025-03-29 23:27:22,469 [INFO] PluginManager:220 - loadIPPluginJar : add spi
2025-03-29 23:27:22,470 [INFO] IPUIPlugin:80 - create IPUIPlugin
2025-03-29 23:27:22,471 [INFO] PluginManager:220 - loadIPPluginJar : add gfxmmu
2025-03-29 23:27:22,472 [INFO] IPUIPlugin:80 - create IPUIPlugin
2025-03-29 23:27:22,472 [INFO] PluginManager:220 - loadIPPluginJar : add genericplugin
2025-03-29 23:27:22,474 [INFO] IPUIPlugin:80 - create IPUIPlugin
2025-03-29 23:27:22,475 [INFO] PluginManager:220 - loadIPPluginJar : add cryp
2025-03-29 23:27:22,477 [INFO] IPUIPlugin:80 - create IPUIPlugin
2025-03-29 23:27:22,477 [INFO] PluginManager:220 - loadIPPluginJar : add gpio
2025-03-29 23:27:22,479 [INFO] IPUIPlugin:80 - create IPUIPlugin
2025-03-29 23:27:22,480 [INFO] PluginManager:220 - loadIPPluginJar : add ddr_ctrl_phy
2025-03-29 23:27:22,481 [INFO] IPUIPlugin:80 - create IPUIPlugin
2025-03-29 23:27:22,481 [INFO] PluginManager:220 - loadIPPluginJar : add comp
2025-03-29 23:27:22,483 [INFO] IPUIPlugin:80 - create IPUIPlugin
2025-03-29 23:27:22,484 [INFO] PluginManager:220 - loadIPPluginJar : add tracer_emb
2025-03-29 23:27:22,487 [INFO] IPUIPlugin:80 - create IPUIPlugin
2025-03-29 23:27:22,487 [INFO] PluginManager:220 - loadIPPluginJar : add openamp
2025-03-29 23:27:22,490 [INFO] IPUIPlugin:80 - create IPUIPlugin
2025-03-29 23:27:22,490 [INFO] PluginManager:220 - loadIPPluginJar : add stm32_wpan
2025-03-29 23:27:22,494 [INFO] IPUIPlugin:80 - create IPUIPlugin
2025-03-29 23:27:22,499 [INFO] PluginManager:220 - loadIPPluginJar : add plateformsettings
2025-03-29 23:27:22,501 [INFO] IPUIPlugin:80 - create IPUIPlugin
2025-03-29 23:27:22,501 [INFO] PluginManager:220 - loadIPPluginJar : add ipddr
2025-03-29 23:27:22,503 [INFO] IPUIPlugin:80 - create IPUIPlugin
2025-03-29 23:27:22,503 [INFO] PluginManager:220 - loadIPPluginJar : add usart
2025-03-29 23:27:22,504 [INFO] IPUIPlugin:80 - create IPUIPlugin
2025-03-29 23:27:22,504 [INFO] PluginManager:220 - loadIPPluginJar : add ltdc
2025-03-29 23:27:22,506 [INFO] IPUIPlugin:80 - create IPUIPlugin
2025-03-29 23:27:22,506 [INFO] PluginManager:220 - loadIPPluginJar : add nvic
2025-03-29 23:27:22,507 [INFO] IPUIPlugin:80 - create IPUIPlugin
2025-03-29 23:27:22,507 [INFO] PluginManager:220 - loadIPPluginJar : add fatfs
2025-03-29 23:27:22,513 [INFO] IPUIPlugin:80 - create IPUIPlugin
2025-03-29 23:27:22,513 [INFO] PluginManager:220 - loadIPPluginJar : add linkedlist
2025-03-29 23:27:22,519 [INFO] IPUIPlugin:80 - create IPUIPlugin
2025-03-29 23:27:22,519 [INFO] PluginManager:220 - loadIPPluginJar : add dma
2025-03-29 23:27:22,522 [INFO] IPUIPlugin:80 - create IPUIPlugin
2025-03-29 23:27:22,522 [INFO] PluginManager:220 - loadIPPluginJar : add fmc
2025-03-29 23:27:22,523 [INFO] IPUIPlugin:80 - create IPUIPlugin
2025-03-29 23:27:22,523 [INFO] PluginManager:220 - loadIPPluginJar : add i2s
2025-03-29 23:27:22,524 [INFO] IPUIPlugin:80 - create IPUIPlugin
2025-03-29 23:27:22,524 [INFO] PluginManager:220 - loadIPPluginJar : add ucpd
2025-03-29 23:27:22,525 [INFO] IPUIPlugin:80 - create IPUIPlugin
2025-03-29 23:27:22,525 [INFO] PluginManager:220 - loadIPPluginJar : add lorawan
2025-03-29 23:27:22,528 [INFO] IPUIPlugin:80 - create IPUIPlugin
2025-03-29 23:27:22,528 [INFO] PluginManager:220 - loadIPPluginJar : add opamp
2025-03-29 23:27:22,530 [INFO] IPUIPlugin:80 - create IPUIPlugin
2025-03-29 23:27:22,531 [INFO] PluginManager:220 - loadIPPluginJar : add i3c
2025-03-29 23:27:22,533 [INFO] IPUIPlugin:80 - create IPUIPlugin
2025-03-29 23:27:22,533 [INFO] PluginManager:220 - loadIPPluginJar : add touchsensing
2025-03-29 23:27:22,537 [INFO] IPUIPlugin:80 - create IPUIPlugin
2025-03-29 23:27:22,538 [INFO] PluginManager:220 - loadIPPluginJar : add i2c
2025-03-29 23:27:22,542 [INFO] IPUIPlugin:80 - create IPUIPlugin
2025-03-29 23:27:22,542 [INFO] PluginManager:220 - loadIPPluginJar : add resmgrutility
2025-03-29 23:27:22,544 [INFO] IPUIPlugin:80 - create IPUIPlugin
2025-03-29 23:27:22,544 [INFO] PluginManager:220 - loadIPPluginJar : add sai
2025-03-29 23:27:22,546 [INFO] IPUIPlugin:80 - create IPUIPlugin
2025-03-29 23:27:22,546 [INFO] PluginManager:220 - loadIPPluginJar : add usbx
2025-03-29 23:27:22,667 [FATAL] Updater:351 - Updater called before beeing initialized
2025-03-29 23:27:22,735 [INFO] RulesReader:64 - Compatibility file has been processed (297 Rules)
2025-03-29 23:27:22,758 [INFO] RulesReader:64 - Compatibility file has been processed (297 Rules)
2025-03-29 23:27:22,771 [INFO] CADModel:165 - CPN selected for project level
2025-03-29 23:27:22,771 [INFO] CADModel:114 - Register for checkConnection events
2025-03-29 23:27:22,771 [FATAL] Updater:351 - Updater called before beeing initialized
2025-03-29 23:27:22,771 [ERROR] CADModel:125 - Updater not yet initialized, retry later 
2025-03-29 23:27:23,203 [FATAL] Updater:351 - Updater called before beeing initialized
2025-03-29 23:27:23,205 [INFO] CADModel:165 - CPN selected for project level
2025-03-29 23:27:23,206 [INFO] CADModel:114 - Register for checkConnection events
2025-03-29 23:27:23,207 [FATAL] Updater:351 - Updater called before beeing initialized
2025-03-29 23:27:23,207 [ERROR] CADModel:125 - Updater not yet initialized, retry later 
2025-03-29 23:27:23,211 [FATAL] Updater:351 - Updater called before beeing initialized
2025-03-29 23:27:23,374 [FATAL] Updater:351 - Updater called before beeing initialized
2025-03-29 23:27:23,380 [INFO] DbMcusAds:53 - JSON generation date=Thu Mar 06 09:54:21 EST 2025 (1741272861825)
2025-03-29 23:27:23,380 [FATAL] Updater:351 - Updater called before beeing initialized
2025-03-29 23:27:23,459 [WARN] DetailPanel:346 - Failed to get advertising image, set to default
2025-03-29 23:27:23,709 [FATAL] Updater:351 - Updater called before beeing initialized
2025-03-29 23:27:23,712 [FATAL] Updater:351 - Updater called before beeing initialized
2025-03-29 23:27:23,712 [FATAL] Updater:351 - Updater called before beeing initialized
2025-03-29 23:27:23,713 [WARN] DetailPanel:346 - Failed to get advertising image, set to default
2025-03-29 23:27:23,714 [FATAL] Updater:351 - Updater called before beeing initialized
2025-03-29 23:27:23,769 [ERROR] Updater:1198 - MainUpdater not yet initialized. External WinMGr cannot be set.
2025-03-29 23:27:23,777 [INFO] Updater:1134 - Updater Version found : 6.13.0
2025-03-29 23:27:23,792 [INFO] ApplicationProperties:184 - Using Application install path: /Applications/STM32CubeIDE.app/Contents/Eclipse/plugins/com.st.stm32cube.common.mx_6.13.0.202411220809
2025-03-29 23:27:24,137 [INFO] MainUpdater:2872 - connection check result : 10
2025-03-29 23:27:24,139 [INFO] MainUpdater:289 - Updater Check For Update Now.
2025-03-29 23:27:24,139 [INFO] MicroXplorer:498 - Change Database Version : DB.6.0.130
2025-03-29 23:27:24,148 [INFO] McuFinderGlobals:63 - Set McuFinder mode to 2 (CubeIDE integrated)
2025-03-29 23:27:24,148 [INFO] UserAuth:171 - activating auth plugin
2025-03-29 23:27:24,164 [INFO] UserAuth:486 - Internet connection configuration mode: 1
2025-03-29 23:27:24,182 [INFO] JxBrowserEngine:152 - Initiate JxBrowser Engine with user profile folder
2025-03-29 23:27:24,512 [INFO] CheckServerUpdateThread:120 - End of CheckServer Thread
2025-03-29 23:27:24,954 [WARN] PackLoader:240 - Cannot read IP mode file for STMicroelectronics.FP-SNS-MOTENVWB1.1.4.0
2025-03-29 23:27:24,986 [WARN] PackLoader:240 - Cannot read IP mode file for STMicroelectronics.FP-ATR-ASTRA1.2.0.2
2025-03-29 23:27:24,999 [WARN] PackLoader:240 - Cannot read IP mode file for STMicroelectronics.FP-ATR-ASTRA1.2.0.1
2025-03-29 23:27:25,017 [WARN] PackLoader:240 - Cannot read IP mode file for STMicroelectronics.X-CUBE-SMBUS.2.1.0
2025-03-29 23:27:25,030 [WARN] PackLoader:240 - Cannot read IP mode file for STMicroelectronics.X-CUBE-WB05N.1.1.0
2025-03-29 23:27:25,081 [WARN] PackLoader:240 - Cannot read IP mode file for STMicroelectronics.X-CUBE-AZRTOS-F7.1.1.0
2025-03-29 23:27:25,121 [WARN] PackLoader:240 - Cannot read IP mode file for STMicroelectronics.FP-SNS-FLIGHT1.5.0.2
2025-03-29 23:27:25,187 [WARN] PackLoader:240 - Cannot read IP mode file for Infineon.AIROC-Wi-Fi-Bluetooth-STM32.1.7.0
2025-03-29 23:27:25,236 [WARN] PackLoader:240 - Cannot read IP mode file for STMicroelectronics.X-CUBE-DISPLAY.3.0.0
2025-03-29 23:27:25,270 [WARN] PackLoader:240 - Cannot read IP mode file for STMicroelectronics.X-CUBE-BLE1.7.0.0
2025-03-29 23:27:25,290 [WARN] PackLoader:240 - Cannot read IP mode file for STMicroelectronics.X-CUBE-NFC10.1.0.0
2025-03-29 23:27:25,325 [WARN] PackLoader:240 - Cannot read IP mode file for STMicroelectronics.X-CUBE-BLEMGR.4.0.0
2025-03-29 23:27:25,360 [WARN] PackLoader:240 - Cannot read IP mode file for emotas.I-CUBE-CANOPEN.1.3.0
2025-03-29 23:27:25,378 [WARN] PackLoader:240 - Cannot read IP mode file for STMicroelectronics.X-CUBE-AI.10.0.0
2025-03-29 23:27:25,388 [WARN] PackLoader:240 - Cannot read IP mode file for STMicroelectronics.FP-SNS-SMARTAG2.1.2.0
2025-03-29 23:27:25,393 [WARN] PackLoader:240 - Cannot read IP mode file for STMicroelectronics.FP-SNS-FLIGHT1.5.1.0
2025-03-29 23:27:25,702 [WARN] PackLoader:240 - Cannot read IP mode file for STMicroelectronics.X-CUBE-MEMS1.11.1.0
2025-03-29 23:27:26,002 [INFO] LogOutputStream:77 - [STDOUT_REDIRECT] 1 : Invalid condition id : UX_CORESTACK_Condition cause : null
2025-03-29 23:27:26,011 [INFO] LogOutputStream:77 - [STDOUT_REDIRECT] 1 : Invalid condition id : UX_CORESTACK_Condition cause : null
2025-03-29 23:27:26,012 [INFO] LogOutputStream:77 - [STDOUT_REDIRECT] 1 : Invalid condition id : UX_CORESTACK_Condition cause : null
2025-03-29 23:27:26,012 [INFO] LogOutputStream:77 - [STDOUT_REDIRECT] 1 : Invalid condition id : UX_CORESTACK_Condition cause : null
2025-03-29 23:27:26,012 [INFO] LogOutputStream:77 - [STDOUT_REDIRECT] 1 : Invalid condition id : UX_CORESTACK_Condition cause : null
2025-03-29 23:27:26,020 [WARN] PackLoader:240 - Cannot read IP mode file for STMicroelectronics.X-CUBE-AZRTOS-WL.2.0.0
2025-03-29 23:27:26,057 [WARN] PackLoader:240 - Cannot read IP mode file for STMicroelectronics.FP-SNS-MOTENV1.5.0.0
2025-03-29 23:27:26,065 [WARN] PackLoader:240 - Cannot read IP mode file for wolfSSL.I-CUBE-wolfMQTT.1.19.0
2025-03-29 23:27:26,091 [WARN] PackLoader:240 - Cannot read IP mode file for WES.I-CUBE-Cesium.1.3.0
2025-03-29 23:27:26,107 [WARN] PackLoader:240 - Cannot read IP mode file for STMicroelectronics.X-CUBE-BLE2.3.3.0
2025-03-29 23:27:26,123 [WARN] PackLoader:240 - Cannot read IP mode file for STMicroelectronics.X-CUBE-NFC9.1.0.0
2025-03-29 23:27:26,130 [WARN] PackLoader:240 - Cannot read IP mode file for STMicroelectronics.X-CUBE-BLE1.7.1.0
2025-03-29 23:27:26,159 [WARN] PackLoader:240 - Cannot read IP mode file for STMicroelectronics.X-CUBE-AZRTOS-G0.1.1.0
2025-03-29 23:27:26,183 [WARN] PackLoader:240 - Cannot read IP mode file for STMicroelectronics.X-CUBE-SAFEA1.1.2.2
2025-03-29 23:27:26,190 [WARN] PackLoader:240 - Cannot read IP mode file for STMicroelectronics.X-CUBE-NFC4.3.0.0
2025-03-29 23:27:26,205 [WARN] PackLoader:240 - Cannot read IP mode file for EmbeddedOffice.I-CUBE-FS-RTOS.1.0.1
2025-03-29 23:27:26,214 [WARN] PackLoader:240 - Cannot read IP mode file for STMicroelectronics.X-CUBE-TCPP.4.2.0
2025-03-29 23:27:26,226 [WARN] PackLoader:240 - Cannot read IP mode file for RealThread.X-CUBE-RT-Thread_Nano.4.1.1
2025-03-29 23:27:26,229 [WARN] PackLoader:240 - Cannot read IP mode file for STMicroelectronics.FP-ATR-SIGFOX1.3.2.0
2025-03-29 23:27:26,234 [WARN] ConditionMgr:438 - getConditionDescription Invalid condition id : Cortex-A Device cause : null
2025-03-29 23:27:26,301 [WARN] ConditionMgr:1044 - genDependencies : Invalid condition id : Cortex-A Device cause : null
2025-03-29 23:27:26,302 [WARN] ConditionMgr:1044 - genDependencies : Invalid condition id : Cortex-A Device cause : null
2025-03-29 23:27:26,302 [WARN] ConditionMgr:1044 - genDependencies : Invalid condition id : Cortex-A Device cause : null
2025-03-29 23:27:26,316 [WARN] PackLoader:240 - Cannot read IP mode file for STMicroelectronics.X-CUBE-EEPRMA1.5.1.0
2025-03-29 23:27:26,320 [WARN] PackLoader:240 - Cannot read IP mode file for wolfSSL.I-CUBE-wolfSSL.5.7.6
2025-03-29 23:27:26,325 [WARN] PackLoader:240 - Cannot read IP mode file for ITTIA_DB.I-CUBE-ITTIADB.8.9.0
2025-03-29 23:27:26,388 [WARN] PackLoader:240 - Cannot read IP mode file for SEGGER.I-CUBE-embOS.1.3.1
2025-03-29 23:27:26,428 [WARN] PackLoader:240 - Cannot read IP mode file for STMicroelectronics.X-CUBE-ALGOBUILD.1.4.0
2025-03-29 23:27:26,449 [WARN] PackLoader:240 - Cannot read IP mode file for STMicroelectronics.X-CUBE-AZRTOS-F4.1.1.0
2025-03-29 23:27:26,458 [WARN] PackLoader:240 - Cannot read IP mode file for STMicroelectronics.X-CUBE-ISPU.2.1.0
2025-03-29 23:27:26,477 [WARN] PackLoader:240 - Cannot read IP mode file for STMicroelectronics.X-CUBE-AZRTOS-L5.2.0.0
2025-03-29 23:27:26,494 [WARN] PackLoader:240 - Cannot read IP mode file for STMicroelectronics.X-CUBE-NFC6.3.1.0
2025-03-29 23:27:26,505 [WARN] PackLoader:240 - Cannot read IP mode file for STMicroelectronics.X-CUBE-DPower.1.2.0
2025-03-29 23:27:26,512 [WARN] PackLoader:240 - Cannot read IP mode file for STMicroelectronics.X-CUBE-FREERTOS.1.3.0
2025-03-29 23:27:26,522 [WARN] PackLoader:240 - Cannot read IP mode file for STMicroelectronics.X-CUBE-NFC7.1.0.1
2025-03-29 23:27:26,530 [WARN] PackLoader:240 - Cannot read IP mode file for STMicroelectronics.X-CUBE-DPower.1.3.0
2025-03-29 23:27:26,557 [WARN] ConditionMgr:438 - getConditionDescription Invalid condition id : LAN8742 Phy interface Condition cause : null
2025-03-29 23:27:26,558 [WARN] PackLoader:240 - Cannot read IP mode file for STMicroelectronics.X-CUBE-AZRTOS-L4.2.0.0
2025-03-29 23:27:26,565 [WARN] ConditionMgr:1044 - genDependencies : Invalid condition id : LAN8742 Phy interface Condition cause : null
2025-03-29 23:27:26,567 [WARN] ConditionMgr:1044 - genDependencies : Invalid condition id : LAN8742 Phy interface Condition cause : null
2025-03-29 23:27:26,569 [WARN] ConditionMgr:1044 - genDependencies : Invalid condition id : LAN8742 Phy interface Condition cause : null
2025-03-29 23:27:26,579 [WARN] PackLoader:240 - Cannot read IP mode file for STMicroelectronics.X-CUBE-SFXS2LP1.4.0.0
2025-03-29 23:27:26,611 [WARN] PackLoader:240 - Cannot read IP mode file for STMicroelectronics.X-CUBE-AZRTOS-H7.3.3.0
2025-03-29 23:27:26,638 [WARN] ConditionMgr:438 - getConditionDescription Invalid condition id : UX DEVICE CLASS RTOS Condition cause : null
2025-03-29 23:27:26,639 [WARN] ConditionMgr:438 - getConditionDescription Invalid condition id : UX DEVICE CLASS RTOS Condition cause : null
2025-03-29 23:27:26,643 [WARN] PackLoader:240 - Cannot read IP mode file for STMicroelectronics.X-CUBE-AZRTOS-WB.2.0.0
2025-03-29 23:27:26,644 [WARN] ConditionMgr:1044 - genDependencies : Invalid condition id : UX DEVICE CLASS RTOS Condition cause : null
2025-03-29 23:27:26,644 [WARN] ConditionMgr:1044 - genDependencies : Invalid condition id : UX DEVICE CLASS RTOS Condition cause : null
2025-03-29 23:27:26,645 [WARN] ConditionMgr:1044 - genDependencies : Invalid condition id : UX DEVICE CLASS RTOS Condition cause : null
2025-03-29 23:27:26,645 [WARN] ConditionMgr:1044 - genDependencies : Invalid condition id : UX DEVICE CLASS RTOS Condition cause : null
2025-03-29 23:27:26,646 [WARN] ConditionMgr:1044 - genDependencies : Invalid condition id : UX DEVICE CLASS RTOS Condition cause : null
2025-03-29 23:27:26,654 [WARN] PackLoader:240 - Cannot read IP mode file for STMicroelectronics.X-CUBE-GNSS1.7.0.1
2025-03-29 23:27:26,664 [WARN] PackLoader:240 - Cannot read IP mode file for STMicroelectronics.X-CUBE-TOUCHGFX.4.25.0
2025-03-29 23:27:26,674 [WARN] PackLoader:240 - Cannot read IP mode file for STMicroelectronics.FP-SNS-STBOX1.2.0.0
2025-03-29 23:27:26,711 [WARN] PackLoader:240 - Cannot read IP mode file for STMicroelectronics.X-CUBE-SUBG2.5.0.0
2025-03-29 23:27:26,747 [WARN] PackLoader:240 - Cannot read IP mode file for STMicroelectronics.X-CUBE-AZRTOS-H7RS.1.1.0
2025-03-29 23:27:26,754 [WARN] PackLoader:240 - Cannot read IP mode file for Cesanta.I-CUBE-Mongoose.7.13.0
2025-03-29 23:27:26,775 [WARN] PackLoader:240 - Cannot read IP mode file for STMicroelectronics.X-CUBE-AZRTOS-G4.2.0.0
2025-03-29 23:27:26,792 [WARN] PackLoader:240 - Cannot read IP mode file for STMicroelectronics.X-CUBE-IPS.3.1.0
2025-03-29 23:27:26,801 [WARN] PackLoader:240 - Cannot read IP mode file for STMicroelectronics.X-CUBE-ALS.1.0.2
2025-03-29 23:27:26,806 [WARN] PackLoader:240 - Cannot read IP mode file for STMicroelectronics.X-CUBE-TOUCHGFX.4.24.2
2025-03-29 23:27:26,808 [WARN] PackLoader:240 - Cannot read IP mode file for wolfSSL.I-CUBE-wolfTPM.3.4.0
2025-03-29 23:27:26,812 [WARN] PackLoader:240 - Cannot read IP mode file for portGmbH.I-Cube-SoM-uGOAL.1.1.0
2025-03-29 23:27:26,840 [WARN] PackLoader:240 - Cannot read IP mode file for STMicroelectronics.X-CUBE-AZRTOS-H7RS.1.0.0
2025-03-29 23:27:26,859 [WARN] PackLoader:240 - Cannot read IP mode file for STMicroelectronics.X-CUBE-TOF1.3.4.2
2025-03-29 23:27:26,889 [WARN] PackLoader:240 - Cannot read IP mode file for wolfSSL.I-CUBE-wolfSSH.1.4.17
2025-03-29 23:27:26,891 [INFO] ThirdParty:978 - Integrity check success = true
2025-03-29 23:27:26,891 [INFO] IntegrityCheckThread:100 - exiting critical section [integrity check]
2025-03-29 23:27:26,891 [INFO] IntegrityCheckThread:103 - End integrity checks thread
2025-03-29 23:27:32,410 [INFO] WebApp:168 - Instantiating new browser for Auth
2025-03-29 23:27:35,670 [INFO] WebApp:449 - Apply proxy settings
2025-03-29 23:27:35,698 [INFO] WebApp:494 - Chromium authenticates against Manually configured proxy
2025-03-29 23:27:35,727 [INFO] WebApp:502 - Username used for proxy authentication: 
2025-03-29 23:27:35,840 [INFO] WebApp:880 - Register for checkConnection events
2025-03-29 23:27:35,841 [INFO] WebApp:449 - Apply proxy settings
2025-03-29 23:27:35,846 [INFO] WebApp:494 - Chromium authenticates against Manually configured proxy
2025-03-29 23:27:35,848 [INFO] WebApp:502 - Username used for proxy authentication: 
2025-03-29 23:27:36,156 [INFO] WebApp:221 - Starting web application
2025-03-29 23:27:36,156 [INFO] WebApp:579 - Web application path used /Applications/STM32CubeIDE.app/Contents/Eclipse/plugins/com.st.stm32cube.common.mx_6.13.0.202411220809/db/plugins/mcufinder/reactClient1/index.html
2025-03-29 23:27:36,664 [INFO] WebApp:187 - Connection restablished
