2025-05-13 14:08:43,383 [INFO] Activator:176 - 


2025-05-13 14:08:43,391 [INFO] Activator:177 - !SESSION log4j initialized
2025-05-13 14:08:48,949 [INFO] LogOutputStream:77 - [STDOUT_REDIRECT] 
2025-05-13 14:08:49,561 [ERROR] LogOutputStream:75 - [STDERR_REDIRECT] 
2025-05-13 14:08:53,109 [INFO] LogOutputStream:77 - [STDOUT_REDIRECT] 
2025-05-13 14:08:54,238 [INFO] ApplicationProperties:184 - Using Application install path: /Applications/STM32CubeIDE.app/Contents/Eclipse/plugins/com.st.stm32cube.common.mx_6.13.0.202411220809
2025-05-13 14:08:54,255 [INFO] DbMcusXml:78 - Set database path to: /Applications/STM32CubeIDE.app/Contents/Eclipse/plugins/com.st.stm32cube.common.mx_6.13.0.202411220809//db//mcu/
2025-05-13 14:08:54,256 [INFO] ApiDb:274 - Set plugin database path to: /Applications/STM32CubeIDE.app/Contents/Eclipse/plugins/com.st.stm32cube.common.mx_6.13.0.202411220809//db//plugins/boardmanager/
2025-05-13 14:08:54,257 [WARN] ApiDb:259 - Overriding images path with different value:  => /Applications/STM32CubeIDE.app/Contents/Eclipse/plugins/com.st.stm32cube.common.mx_6.13.0.202411220809//db//plugins/mcufinder/images/
2025-05-13 14:08:54,264 [INFO] ApiDb:250 - Set database path to: /Users/jonahk/.stmcufinder/plugins/mcufinder//mcu/
2025-05-13 14:08:54,266 [INFO] DbMcusAds:125 - Set database path to: /Users/jonahk/.stmcufinder/plugins/mcufinder//mcu/
2025-05-13 14:08:54,268 [INFO] CrossReferenceDbSqlite:203 - Set database path to: /Users/jonahk/.stmcufinder/plugins/mcufinder//mcu/cs/
2025-05-13 14:08:54,448 [INFO] RulesReader:64 - Compatibility file has been processed (297 Rules)
2025-05-13 14:08:54,543 [INFO] DbMcusXml:78 - Set database path to: /Applications/STM32CubeIDE.app/Contents/Eclipse/plugins/com.st.stm32cube.common.mx_6.13.0.202411220809//db//mcu/
2025-05-13 14:08:54,543 [INFO] ApiDb:274 - Set plugin database path to: /Applications/STM32CubeIDE.app/Contents/Eclipse/plugins/com.st.stm32cube.common.mx_6.13.0.202411220809//db//plugins/boardmanager/
2025-05-13 14:08:54,544 [INFO] ApiDb:261 - Set plugin images path to: /Applications/STM32CubeIDE.app/Contents/Eclipse/plugins/com.st.stm32cube.common.mx_6.13.0.202411220809//db//plugins/mcufinder/images/
2025-05-13 14:08:54,544 [WARN] DbFile:41 - Overriding database path with different value: /Users/jonahk/.stmcufinder/plugins/mcufinder/ => /Users/jonahk/.stmcufinder/plugins/mcufinder
2025-05-13 14:08:54,544 [INFO] ApiDb:250 - Set database path to: /Users/jonahk/.stmcufinder/plugins/mcufinder//mcu/
2025-05-13 14:08:54,545 [WARN] DbFile:41 - Overriding database path with different value: /Users/jonahk/.stmcufinder/plugins/mcufinder/ => /Users/jonahk/.stmcufinder/plugins/mcufinder
2025-05-13 14:08:54,545 [INFO] DbMcusAds:125 - Set database path to: /Users/jonahk/.stmcufinder/plugins/mcufinder//mcu/
2025-05-13 14:08:54,545 [WARN] DbFile:41 - Overriding database path with different value: /Users/jonahk/.stmcufinder/plugins/mcufinder/ => /Users/jonahk/.stmcufinder/plugins/mcufinder
2025-05-13 14:08:54,545 [WARN] DbFile:41 - Overriding database path with different value: /Users/jonahk/.stmcufinder/plugins/mcufinder/ => /Users/jonahk/.stmcufinder/plugins/mcufinder
2025-05-13 14:08:54,545 [INFO] CrossReferenceDbSqlite:203 - Set database path to: /Users/jonahk/.stmcufinder/plugins/mcufinder//mcu/cs/
2025-05-13 14:08:54,657 [INFO] MainPanel:272 - HeapMemory: 293601280
2025-05-13 14:08:55,437 [INFO] DbMcusXml:78 - Set database path to: /Applications/STM32CubeIDE.app/Contents/Eclipse/plugins/com.st.stm32cube.common.mx_6.13.0.202411220809//db//mcu/
2025-05-13 14:08:55,437 [INFO] ApiDb:274 - Set plugin database path to: /Applications/STM32CubeIDE.app/Contents/Eclipse/plugins/com.st.stm32cube.common.mx_6.13.0.202411220809//db//plugins/boardmanager/
2025-05-13 14:08:55,438 [INFO] ApiDb:261 - Set plugin images path to: /Applications/STM32CubeIDE.app/Contents/Eclipse/plugins/com.st.stm32cube.common.mx_6.13.0.202411220809//db//plugins/mcufinder/images/
2025-05-13 14:08:55,438 [WARN] DbFile:41 - Overriding database path with different value: /Users/jonahk/.stmcufinder/plugins/mcufinder/ => /Users/jonahk/.stmcufinder/plugins/mcufinder
2025-05-13 14:08:55,438 [INFO] ApiDb:250 - Set database path to: /Users/jonahk/.stmcufinder/plugins/mcufinder//mcu/
2025-05-13 14:08:55,438 [WARN] DbFile:41 - Overriding database path with different value: /Users/jonahk/.stmcufinder/plugins/mcufinder/ => /Users/jonahk/.stmcufinder/plugins/mcufinder
2025-05-13 14:08:55,438 [INFO] DbMcusAds:125 - Set database path to: /Users/jonahk/.stmcufinder/plugins/mcufinder//mcu/
2025-05-13 14:08:55,439 [WARN] DbFile:41 - Overriding database path with different value: /Users/jonahk/.stmcufinder/plugins/mcufinder/ => /Users/jonahk/.stmcufinder/plugins/mcufinder
2025-05-13 14:08:55,439 [WARN] DbFile:41 - Overriding database path with different value: /Users/jonahk/.stmcufinder/plugins/mcufinder/ => /Users/jonahk/.stmcufinder/plugins/mcufinder
2025-05-13 14:08:55,439 [INFO] CrossReferenceDbSqlite:203 - Set database path to: /Users/jonahk/.stmcufinder/plugins/mcufinder//mcu/cs/
2025-05-13 14:08:55,457 [INFO] ApplicationProperties:184 - Using Application install path: /Applications/STM32CubeIDE.app/Contents/Eclipse/plugins/com.st.stm32cube.common.mx_6.13.0.202411220809
2025-05-13 14:08:55,459 [INFO] PluginManage:196 - Search for loadable plugins [exclusion list=, ]
2025-05-13 14:08:55,460 [INFO] PluginManage:310 - Check plugin analytics
2025-05-13 14:08:55,678 [INFO] AnalyticsPlugin:253 - Accepted Software Licenses: STM32CubeMX.6.13.0
2025-05-13 14:08:55,678 [INFO] AnalyticsPlugin:255 - Accepted CMSIS Pack Licenses: 
2025-05-13 14:08:55,678 [INFO] AnalyticsPlugin:257 - Accepted Firmware Licenses: 
2025-05-13 14:08:55,698 [INFO] PluginManage:359 - Loaded plugin analytics (category:tool,tabindex:-1)
2025-05-13 14:08:55,699 [INFO] PluginManage:310 - Check plugin cadmodel
2025-05-13 14:08:55,714 [INFO] CADModel:105 - Init CAD model plugin
2025-05-13 14:08:55,714 [INFO] PluginManage:359 - Loaded plugin cadmodel (category:power,tabindex:5)
2025-05-13 14:08:55,714 [INFO] PluginManage:310 - Check plugin clock
2025-05-13 14:08:55,725 [INFO] PluginManage:359 - Loaded plugin clock (category:base,tabindex:2)
2025-05-13 14:08:55,726 [INFO] PluginManage:310 - Check plugin ddr
2025-05-13 14:08:55,727 [INFO] PluginManage:359 - Loaded plugin ddr (category:tool,tabindex:6)
2025-05-13 14:08:55,728 [INFO] PluginManage:310 - Check plugin filemanager
2025-05-13 14:08:55,896 [INFO] PluginManage:359 - Loaded plugin filemanager (category:base,tabindex:10)
2025-05-13 14:08:55,897 [INFO] PluginManage:310 - Check plugin ipmanager
2025-05-13 14:08:55,905 [INFO] PluginManage:359 - Loaded plugin ipmanager (category:base,tabindex:5)
2025-05-13 14:08:55,906 [INFO] PluginManage:310 - Check plugin lpbam
2025-05-13 14:08:55,918 [INFO] PluginManage:359 - Loaded plugin lpbam (category:base,tabindex:0)
2025-05-13 14:08:55,918 [INFO] PluginManage:310 - Check plugin memorymap
2025-05-13 14:08:55,928 [INFO] PluginManage:359 - Loaded plugin memorymap (category:base,tabindex:4)
2025-05-13 14:08:55,928 [INFO] PluginManage:310 - Check plugin pinoutandconfiguration
2025-05-13 14:08:55,935 [INFO] PluginManage:359 - Loaded plugin pinoutandconfiguration (category:base,tabindex:1)
2025-05-13 14:08:55,935 [INFO] PluginManage:310 - Check plugin pinoutconfig
2025-05-13 14:08:56,037 [WARN] SupportedApi:132 - Cannot load RTOS API schema: s4s-elt-must-match.1: The content of 'definitions' must match (annotation?, (simpleType | complexType)?, (unique | key | keyref)*)). A problem was found starting at: attribute.
2025-05-13 14:08:56,217 [INFO] PluginManage:359 - Loaded plugin pinoutconfig (category:base,tabindex:0)
2025-05-13 14:08:56,218 [INFO] PluginManage:310 - Check plugin power
2025-05-13 14:08:56,230 [INFO] PluginManage:359 - Loaded plugin power (category:power,tabindex:4)
2025-05-13 14:08:56,230 [INFO] PluginManage:310 - Check plugin projectmanager
2025-05-13 14:08:56,265 [INFO] PluginManage:359 - Loaded plugin projectmanager (category:projectmanager,tabindex:4)
2025-05-13 14:08:56,265 [INFO] PluginManage:310 - Check plugin rif
2025-05-13 14:08:56,271 [INFO] PluginManage:359 - Loaded plugin rif (category:base,tabindex:3)
2025-05-13 14:08:56,272 [INFO] PluginManage:310 - Check plugin thirdparty
2025-05-13 14:08:56,592 [INFO] PluginManage:359 - Loaded plugin thirdparty (category:base,tabindex:-1)
2025-05-13 14:08:56,593 [INFO] PluginManage:310 - Check plugin tools
2025-05-13 14:08:56,592 [WARN] IntegrityCheckThread:84 - waiting for thirdparty lock release [integrity check]
2025-05-13 14:08:56,595 [INFO] IntegrityCheckThread:86 - entering critical section [integrity check]
2025-05-13 14:08:56,598 [INFO] ThirdPartyUpdaterWithRetryManager:70 - Updater plugin not ready yet. [1/15]
2025-05-13 14:08:56,601 [INFO] PluginManage:359 - Loaded plugin tools (category:base,tabindex:7)
2025-05-13 14:08:56,601 [INFO] PluginManage:310 - Check plugin tutovideos
2025-05-13 14:08:56,728 [ERROR] LogOutputStream:75 - [STDERR_REDIRECT] [Fatal Error] :2:10: DOCTYPE is disallowed when the feature "http://apache.org/xml/features/disallow-doctype-decl" set to true.
2025-05-13 14:08:56,729 [ERROR] LogOutputStream:75 - [STDERR_REDIRECT] 
2025-05-13 14:08:56,808 [INFO] PluginManage:359 - Loaded plugin tutovideos (category:base,tabindex:-1)
2025-05-13 14:08:56,808 [INFO] PluginManage:310 - Check plugin updater
2025-05-13 14:08:56,838 [INFO] PluginManage:359 - Loaded plugin updater (category:base,tabindex:12)
2025-05-13 14:08:56,838 [INFO] PluginManage:310 - Check plugin userauth
2025-05-13 14:08:56,844 [INFO] UserAuth:118 - Init User Auth plugin
2025-05-13 14:08:56,846 [INFO] PluginManage:359 - Loaded plugin userauth (category:base,tabindex:14)
2025-05-13 14:08:56,848 [INFO] PluginManage:283 - PluginManage : Loaded plugins [18]
2025-05-13 14:08:57,148 [INFO] PinOutPanel:1589 - setPackage(No Configuration,No Configuration)
2025-05-13 14:08:57,230 [INFO] CADModel:165 - CPN selected for project level
2025-05-13 14:08:57,230 [INFO] CADModel:114 - Register for checkConnection events
2025-05-13 14:08:57,244 [INFO] IPUIPlugin:80 - create IPUIPlugin
2025-05-13 14:08:57,245 [INFO] PluginManager:220 - loadIPPluginJar : add mdma
2025-05-13 14:08:57,251 [INFO] IPUIPlugin:80 - create IPUIPlugin
2025-05-13 14:08:57,251 [INFO] PluginManager:220 - loadIPPluginJar : add freertos
2025-05-13 14:08:57,256 [INFO] IPUIPlugin:80 - create IPUIPlugin
2025-05-13 14:08:57,256 [INFO] PluginManager:220 - loadIPPluginJar : add gic
2025-05-13 14:08:57,264 [INFO] IPUIPlugin:80 - create IPUIPlugin
2025-05-13 14:08:57,265 [INFO] PluginManager:220 - loadIPPluginJar : add adc
2025-05-13 14:08:57,267 [INFO] IPUIPlugin:80 - create IPUIPlugin
2025-05-13 14:08:57,267 [INFO] PluginManager:220 - loadIPPluginJar : add gtzc
2025-05-13 14:08:57,268 [INFO] IPUIPlugin:80 - create IPUIPlugin
2025-05-13 14:08:57,268 [INFO] PluginManager:220 - loadIPPluginJar : add quadspi
2025-05-13 14:08:57,269 [INFO] IPUIPlugin:80 - create IPUIPlugin
2025-05-13 14:08:57,269 [INFO] PluginManager:220 - loadIPPluginJar : add aes
2025-05-13 14:08:57,271 [INFO] IPUIPlugin:80 - create IPUIPlugin
2025-05-13 14:08:57,271 [INFO] PluginManager:220 - loadIPPluginJar : add pdm2pcm
2025-05-13 14:08:57,272 [INFO] IPUIPlugin:80 - create IPUIPlugin
2025-05-13 14:08:57,272 [INFO] PluginManager:220 - loadIPPluginJar : add hash
2025-05-13 14:08:57,273 [INFO] IPUIPlugin:80 - create IPUIPlugin
2025-05-13 14:08:57,273 [INFO] PluginManager:220 - loadIPPluginJar : add tim
2025-05-13 14:08:57,274 [INFO] IPUIPlugin:80 - create IPUIPlugin
2025-05-13 14:08:57,274 [INFO] PluginManager:220 - loadIPPluginJar : add tsc
2025-05-13 14:08:57,277 [INFO] IPUIPlugin:80 - create IPUIPlugin
2025-05-13 14:08:57,277 [INFO] PluginManager:220 - loadIPPluginJar : add extmemmanager
2025-05-13 14:08:57,279 [INFO] IPUIPlugin:80 - create IPUIPlugin
2025-05-13 14:08:57,279 [INFO] PluginManager:220 - loadIPPluginJar : add ts
2025-05-13 14:08:57,280 [INFO] IPUIPlugin:80 - create IPUIPlugin
2025-05-13 14:08:57,280 [INFO] PluginManager:220 - loadIPPluginJar : add radio
2025-05-13 14:08:57,282 [INFO] IPUIPlugin:80 - create IPUIPlugin
2025-05-13 14:08:57,282 [INFO] PluginManager:220 - loadIPPluginJar : add can
2025-05-13 14:08:57,283 [INFO] IPUIPlugin:80 - create IPUIPlugin
2025-05-13 14:08:57,283 [INFO] PluginManager:220 - loadIPPluginJar : add dma3
2025-05-13 14:08:57,285 [INFO] IPUIPlugin:80 - create IPUIPlugin
2025-05-13 14:08:57,285 [INFO] PluginManager:220 - loadIPPluginJar : add dfsdm
2025-05-13 14:08:57,287 [INFO] IPUIPlugin:80 - create IPUIPlugin
2025-05-13 14:08:57,287 [INFO] PluginManager:220 - loadIPPluginJar : add spi
2025-05-13 14:08:57,289 [INFO] IPUIPlugin:80 - create IPUIPlugin
2025-05-13 14:08:57,289 [INFO] PluginManager:220 - loadIPPluginJar : add gfxmmu
2025-05-13 14:08:57,290 [INFO] IPUIPlugin:80 - create IPUIPlugin
2025-05-13 14:08:57,290 [INFO] PluginManager:220 - loadIPPluginJar : add genericplugin
2025-05-13 14:08:57,292 [INFO] IPUIPlugin:80 - create IPUIPlugin
2025-05-13 14:08:57,293 [INFO] PluginManager:220 - loadIPPluginJar : add cryp
2025-05-13 14:08:57,295 [INFO] IPUIPlugin:80 - create IPUIPlugin
2025-05-13 14:08:57,296 [INFO] PluginManager:220 - loadIPPluginJar : add gpio
2025-05-13 14:08:57,297 [INFO] IPUIPlugin:80 - create IPUIPlugin
2025-05-13 14:08:57,298 [INFO] PluginManager:220 - loadIPPluginJar : add ddr_ctrl_phy
2025-05-13 14:08:57,299 [INFO] IPUIPlugin:80 - create IPUIPlugin
2025-05-13 14:08:57,299 [INFO] PluginManager:220 - loadIPPluginJar : add comp
2025-05-13 14:08:57,301 [INFO] IPUIPlugin:80 - create IPUIPlugin
2025-05-13 14:08:57,302 [INFO] PluginManager:220 - loadIPPluginJar : add tracer_emb
2025-05-13 14:08:57,303 [INFO] IPUIPlugin:80 - create IPUIPlugin
2025-05-13 14:08:57,303 [INFO] PluginManager:220 - loadIPPluginJar : add openamp
2025-05-13 14:08:57,307 [INFO] IPUIPlugin:80 - create IPUIPlugin
2025-05-13 14:08:57,307 [INFO] PluginManager:220 - loadIPPluginJar : add stm32_wpan
2025-05-13 14:08:57,311 [INFO] IPUIPlugin:80 - create IPUIPlugin
2025-05-13 14:08:57,314 [INFO] PluginManager:220 - loadIPPluginJar : add plateformsettings
2025-05-13 14:08:57,316 [INFO] IPUIPlugin:80 - create IPUIPlugin
2025-05-13 14:08:57,316 [INFO] PluginManager:220 - loadIPPluginJar : add ipddr
2025-05-13 14:08:57,318 [INFO] IPUIPlugin:80 - create IPUIPlugin
2025-05-13 14:08:57,318 [INFO] PluginManager:220 - loadIPPluginJar : add usart
2025-05-13 14:08:57,319 [INFO] IPUIPlugin:80 - create IPUIPlugin
2025-05-13 14:08:57,319 [INFO] PluginManager:220 - loadIPPluginJar : add ltdc
2025-05-13 14:08:57,321 [INFO] IPUIPlugin:80 - create IPUIPlugin
2025-05-13 14:08:57,322 [INFO] PluginManager:220 - loadIPPluginJar : add nvic
2025-05-13 14:08:57,322 [INFO] IPUIPlugin:80 - create IPUIPlugin
2025-05-13 14:08:57,323 [INFO] PluginManager:220 - loadIPPluginJar : add fatfs
2025-05-13 14:08:57,328 [INFO] IPUIPlugin:80 - create IPUIPlugin
2025-05-13 14:08:57,328 [INFO] PluginManager:220 - loadIPPluginJar : add linkedlist
2025-05-13 14:08:57,332 [INFO] IPUIPlugin:80 - create IPUIPlugin
2025-05-13 14:08:57,332 [INFO] PluginManager:220 - loadIPPluginJar : add dma
2025-05-13 14:08:57,334 [INFO] IPUIPlugin:80 - create IPUIPlugin
2025-05-13 14:08:57,334 [INFO] PluginManager:220 - loadIPPluginJar : add fmc
2025-05-13 14:08:57,335 [INFO] IPUIPlugin:80 - create IPUIPlugin
2025-05-13 14:08:57,336 [INFO] PluginManager:220 - loadIPPluginJar : add i2s
2025-05-13 14:08:57,337 [INFO] IPUIPlugin:80 - create IPUIPlugin
2025-05-13 14:08:57,337 [INFO] PluginManager:220 - loadIPPluginJar : add ucpd
2025-05-13 14:08:57,338 [INFO] IPUIPlugin:80 - create IPUIPlugin
2025-05-13 14:08:57,338 [INFO] PluginManager:220 - loadIPPluginJar : add lorawan
2025-05-13 14:08:57,340 [INFO] IPUIPlugin:80 - create IPUIPlugin
2025-05-13 14:08:57,340 [INFO] PluginManager:220 - loadIPPluginJar : add opamp
2025-05-13 14:08:57,342 [INFO] IPUIPlugin:80 - create IPUIPlugin
2025-05-13 14:08:57,342 [INFO] PluginManager:220 - loadIPPluginJar : add i3c
2025-05-13 14:08:57,343 [INFO] IPUIPlugin:80 - create IPUIPlugin
2025-05-13 14:08:57,344 [INFO] PluginManager:220 - loadIPPluginJar : add touchsensing
2025-05-13 14:08:57,345 [INFO] IPUIPlugin:80 - create IPUIPlugin
2025-05-13 14:08:57,346 [INFO] PluginManager:220 - loadIPPluginJar : add i2c
2025-05-13 14:08:57,349 [INFO] IPUIPlugin:80 - create IPUIPlugin
2025-05-13 14:08:57,349 [INFO] PluginManager:220 - loadIPPluginJar : add resmgrutility
2025-05-13 14:08:57,352 [INFO] IPUIPlugin:80 - create IPUIPlugin
2025-05-13 14:08:57,352 [INFO] PluginManager:220 - loadIPPluginJar : add sai
2025-05-13 14:08:57,355 [INFO] IPUIPlugin:80 - create IPUIPlugin
2025-05-13 14:08:57,355 [INFO] PluginManager:220 - loadIPPluginJar : add usbx
2025-05-13 14:08:57,470 [FATAL] Updater:351 - Updater called before beeing initialized
2025-05-13 14:08:57,526 [INFO] RulesReader:64 - Compatibility file has been processed (297 Rules)
2025-05-13 14:08:57,539 [INFO] RulesReader:64 - Compatibility file has been processed (297 Rules)
2025-05-13 14:08:57,552 [INFO] CADModel:165 - CPN selected for project level
2025-05-13 14:08:57,552 [INFO] CADModel:114 - Register for checkConnection events
2025-05-13 14:08:57,552 [FATAL] Updater:351 - Updater called before beeing initialized
2025-05-13 14:08:57,552 [ERROR] CADModel:125 - Updater not yet initialized, retry later 
2025-05-13 14:08:58,021 [FATAL] Updater:351 - Updater called before beeing initialized
2025-05-13 14:08:58,032 [INFO] CADModel:165 - CPN selected for project level
2025-05-13 14:08:58,035 [INFO] CADModel:114 - Register for checkConnection events
2025-05-13 14:08:58,036 [FATAL] Updater:351 - Updater called before beeing initialized
2025-05-13 14:08:58,036 [ERROR] CADModel:125 - Updater not yet initialized, retry later 
2025-05-13 14:08:58,043 [FATAL] Updater:351 - Updater called before beeing initialized
2025-05-13 14:08:58,313 [FATAL] Updater:351 - Updater called before beeing initialized
2025-05-13 14:08:58,326 [INFO] DbMcusAds:53 - JSON generation date=Thu Mar 06 09:54:22 EST 2025 (1741272862078)
2025-05-13 14:08:58,328 [FATAL] Updater:351 - Updater called before beeing initialized
2025-05-13 14:08:58,405 [WARN] DetailPanel:346 - Failed to get advertising image, set to default
2025-05-13 14:08:58,617 [FATAL] Updater:351 - Updater called before beeing initialized
2025-05-13 14:08:58,619 [FATAL] Updater:351 - Updater called before beeing initialized
2025-05-13 14:08:58,619 [FATAL] Updater:351 - Updater called before beeing initialized
2025-05-13 14:08:58,619 [WARN] DetailPanel:346 - Failed to get advertising image, set to default
2025-05-13 14:08:58,620 [FATAL] Updater:351 - Updater called before beeing initialized
2025-05-13 14:08:58,709 [ERROR] Updater:1198 - MainUpdater not yet initialized. External WinMGr cannot be set.
2025-05-13 14:08:58,723 [INFO] Updater:1134 - Updater Version found : 6.13.0
2025-05-13 14:08:58,740 [INFO] ApplicationProperties:184 - Using Application install path: /Applications/STM32CubeIDE.app/Contents/Eclipse/plugins/com.st.stm32cube.common.mx_6.13.0.202411220809
2025-05-13 14:08:59,135 [INFO] MainUpdater:2872 - connection check result : 10
2025-05-13 14:08:59,135 [INFO] MainUpdater:3566 - Updater definition file requires update
2025-05-13 14:08:59,137 [INFO] MainUpdater:289 - Updater Check For Update Now.
2025-05-13 14:08:59,137 [INFO] MicroXplorer:498 - Change Database Version : DB.6.0.130
2025-05-13 14:08:59,147 [INFO] McuFinderGlobals:63 - Set McuFinder mode to 2 (CubeIDE integrated)
2025-05-13 14:08:59,147 [INFO] UserAuth:171 - activating auth plugin
2025-05-13 14:08:59,161 [INFO] UserAuth:486 - Internet connection configuration mode: 1
2025-05-13 14:08:59,172 [INFO] JxBrowserEngine:152 - Initiate JxBrowser Engine with user profile folder
2025-05-13 14:08:59,175 [INFO] ServerAccessManage:473 - Download File updaters.zip
2025-05-13 14:08:59,338 [INFO] FileExtend:240 - Unzip File : updaters.zip
2025-05-13 14:08:59,338 [INFO] FileExtend:255 - Standard Zip Deflate
2025-05-13 14:08:59,604 [WARN] MainUpdater:1193 - Updater busy. Cannot search thirdparties
2025-05-13 14:08:59,605 [INFO] ThirdPartyUpdaterWithRetryManager:96 - Updater plugin is busy. [1/15]
2025-05-13 14:08:59,610 [INFO] ServerAccessManage:473 - Download File PacksControlFlags.xml
2025-05-13 14:08:59,712 [INFO] ServerAccessManage:473 - Download File cubemx.pidx
2025-05-13 14:08:59,891 [INFO] LoadServerUpdatesThread:375 - End of LoadServerUpdate Thread
2025-05-13 14:09:00,075 [INFO] CheckServerUpdateThread:120 - End of CheckServer Thread
2025-05-13 14:09:02,798 [WARN] PackLoader:240 - Cannot read IP mode file for STMicroelectronics.FP-SNS-MOTENVWB1.1.4.0
2025-05-13 14:09:02,817 [WARN] PackLoader:240 - Cannot read IP mode file for STMicroelectronics.FP-ATR-ASTRA1.2.0.2
2025-05-13 14:09:02,828 [WARN] PackLoader:240 - Cannot read IP mode file for STMicroelectronics.FP-ATR-ASTRA1.2.0.1
2025-05-13 14:09:02,841 [WARN] PackLoader:240 - Cannot read IP mode file for STMicroelectronics.X-CUBE-SMBUS.2.1.0
2025-05-13 14:09:02,853 [WARN] PackLoader:240 - Cannot read IP mode file for STMicroelectronics.X-CUBE-WB05N.1.1.0
2025-05-13 14:09:02,905 [WARN] PackLoader:240 - Cannot read IP mode file for STMicroelectronics.X-CUBE-AZRTOS-F7.1.1.0
2025-05-13 14:09:02,933 [WARN] PackLoader:240 - Cannot read IP mode file for STMicroelectronics.FP-SNS-FLIGHT1.5.0.2
2025-05-13 14:09:03,000 [WARN] PackLoader:240 - Cannot read IP mode file for Infineon.AIROC-Wi-Fi-Bluetooth-STM32.1.7.0
2025-05-13 14:09:03,035 [WARN] PackLoader:240 - Cannot read IP mode file for STMicroelectronics.X-CUBE-DISPLAY.3.0.0
2025-05-13 14:09:03,087 [WARN] PackLoader:240 - Cannot read IP mode file for STMicroelectronics.X-CUBE-BLE1.7.0.0
2025-05-13 14:09:03,112 [WARN] PackLoader:240 - Cannot read IP mode file for STMicroelectronics.X-CUBE-NFC10.1.0.0
2025-05-13 14:09:03,141 [WARN] PackLoader:240 - Cannot read IP mode file for STMicroelectronics.X-CUBE-BLEMGR.4.0.0
2025-05-13 14:09:03,160 [WARN] PackLoader:240 - Cannot read IP mode file for emotas.I-CUBE-CANOPEN.1.3.0
2025-05-13 14:09:03,173 [WARN] PackLoader:240 - Cannot read IP mode file for STMicroelectronics.X-CUBE-AI.10.0.0
2025-05-13 14:09:03,180 [WARN] PackLoader:240 - Cannot read IP mode file for STMicroelectronics.FP-SNS-SMARTAG2.1.2.0
2025-05-13 14:09:03,188 [WARN] PackLoader:240 - Cannot read IP mode file for STMicroelectronics.FP-SNS-FLIGHT1.5.1.0
2025-05-13 14:09:03,310 [WARN] PackLoader:240 - Cannot read IP mode file for STMicroelectronics.X-CUBE-MEMS1.11.1.0
2025-05-13 14:09:03,460 [INFO] LogOutputStream:77 - [STDOUT_REDIRECT] 1 : Invalid condition id : UX_CORESTACK_Condition cause : null
2025-05-13 14:09:03,461 [INFO] LogOutputStream:77 - [STDOUT_REDIRECT] 1 : Invalid condition id : UX_CORESTACK_Condition cause : null
2025-05-13 14:09:03,461 [INFO] LogOutputStream:77 - [STDOUT_REDIRECT] 1 : Invalid condition id : UX_CORESTACK_Condition cause : null
2025-05-13 14:09:03,461 [INFO] LogOutputStream:77 - [STDOUT_REDIRECT] 1 : Invalid condition id : UX_CORESTACK_Condition cause : null
2025-05-13 14:09:03,462 [INFO] LogOutputStream:77 - [STDOUT_REDIRECT] 1 : Invalid condition id : UX_CORESTACK_Condition cause : null
2025-05-13 14:09:03,470 [WARN] PackLoader:240 - Cannot read IP mode file for STMicroelectronics.X-CUBE-AZRTOS-WL.2.0.0
2025-05-13 14:09:03,478 [WARN] PackLoader:240 - Cannot read IP mode file for STMicroelectronics.FP-SNS-MOTENV1.5.0.0
2025-05-13 14:09:03,486 [WARN] PackLoader:240 - Cannot read IP mode file for wolfSSL.I-CUBE-wolfMQTT.1.19.0
2025-05-13 14:09:03,494 [WARN] PackLoader:240 - Cannot read IP mode file for WES.I-CUBE-Cesium.1.3.0
2025-05-13 14:09:03,500 [WARN] PackLoader:240 - Cannot read IP mode file for STMicroelectronics.X-CUBE-BLE2.3.3.0
2025-05-13 14:09:03,512 [WARN] PackLoader:240 - Cannot read IP mode file for STMicroelectronics.X-CUBE-NFC9.1.0.0
2025-05-13 14:09:03,521 [WARN] PackLoader:240 - Cannot read IP mode file for STMicroelectronics.X-CUBE-BLE1.7.1.0
2025-05-13 14:09:03,603 [WARN] PackLoader:240 - Cannot read IP mode file for STMicroelectronics.X-CUBE-MEMS1.11.2.0
2025-05-13 14:09:03,706 [WARN] PackLoader:240 - Cannot read IP mode file for STMicroelectronics.X-CUBE-AZRTOS-G0.1.1.0
2025-05-13 14:09:03,722 [WARN] PackLoader:240 - Cannot read IP mode file for STMicroelectronics.X-CUBE-SAFEA1.1.2.2
2025-05-13 14:09:03,731 [WARN] PackLoader:240 - Cannot read IP mode file for STMicroelectronics.X-CUBE-NFC4.3.0.0
2025-05-13 14:09:03,744 [WARN] PackLoader:240 - Cannot read IP mode file for EmbeddedOffice.I-CUBE-FS-RTOS.1.0.1
2025-05-13 14:09:03,758 [WARN] PackLoader:240 - Cannot read IP mode file for STMicroelectronics.X-CUBE-WB05N.2.0.0
2025-05-13 14:09:03,773 [WARN] PackLoader:240 - Cannot read IP mode file for STMicroelectronics.X-CUBE-TCPP.4.2.0
2025-05-13 14:09:03,778 [WARN] PackLoader:240 - Cannot read IP mode file for RealThread.X-CUBE-RT-Thread_Nano.4.1.1
2025-05-13 14:09:03,783 [WARN] PackLoader:240 - Cannot read IP mode file for STMicroelectronics.FP-ATR-SIGFOX1.3.2.0
2025-05-13 14:09:03,789 [WARN] ConditionMgr:438 - getConditionDescription Invalid condition id : Cortex-A Device cause : null
2025-05-13 14:09:03,814 [WARN] ConditionMgr:1044 - genDependencies : Invalid condition id : Cortex-A Device cause : null
2025-05-13 14:09:03,814 [WARN] ConditionMgr:1044 - genDependencies : Invalid condition id : Cortex-A Device cause : null
2025-05-13 14:09:03,814 [WARN] ConditionMgr:1044 - genDependencies : Invalid condition id : Cortex-A Device cause : null
2025-05-13 14:09:03,821 [WARN] PackLoader:240 - Cannot read IP mode file for STMicroelectronics.X-CUBE-EEPRMA1.5.1.0
2025-05-13 14:09:03,826 [WARN] PackLoader:240 - Cannot read IP mode file for wolfSSL.I-CUBE-wolfSSL.5.7.6
2025-05-13 14:09:03,831 [WARN] PackLoader:240 - Cannot read IP mode file for ITTIA_DB.I-CUBE-ITTIADB.8.9.0
2025-05-13 14:09:03,874 [WARN] PackLoader:240 - Cannot read IP mode file for SEGGER.I-CUBE-embOS.1.3.1
2025-05-13 14:09:03,951 [WARN] PackLoader:240 - Cannot read IP mode file for STMicroelectronics.X-CUBE-ALGOBUILD.1.4.0
2025-05-13 14:09:03,983 [WARN] PackLoader:240 - Cannot read IP mode file for STMicroelectronics.X-CUBE-AZRTOS-F4.1.1.0
2025-05-13 14:09:03,994 [WARN] PackLoader:240 - Cannot read IP mode file for Avnet-IotConnect.X-CUBE-IoTC-DA16k-PMOD.1.0.0
2025-05-13 14:09:03,999 [WARN] PackLoader:240 - Cannot read IP mode file for STMicroelectronics.X-CUBE-ISPU.2.1.0
2025-05-13 14:09:04,021 [WARN] PackLoader:240 - Cannot read IP mode file for STMicroelectronics.X-CUBE-AZRTOS-L5.2.0.0
2025-05-13 14:09:04,037 [WARN] PackLoader:240 - Cannot read IP mode file for STMicroelectronics.X-CUBE-NFC6.3.1.0
2025-05-13 14:09:04,046 [WARN] PackLoader:240 - Cannot read IP mode file for STMicroelectronics.X-CUBE-DPower.1.2.0
2025-05-13 14:09:04,054 [WARN] PackLoader:240 - Cannot read IP mode file for STMicroelectronics.X-CUBE-FREERTOS.1.3.1
2025-05-13 14:09:04,061 [WARN] PackLoader:240 - Cannot read IP mode file for STMicroelectronics.X-CUBE-FREERTOS.1.3.0
2025-05-13 14:09:04,067 [WARN] PackLoader:240 - Cannot read IP mode file for STMicroelectronics.X-CUBE-NFC7.1.0.1
2025-05-13 14:09:04,073 [WARN] PackLoader:240 - Cannot read IP mode file for STMicroelectronics.X-CUBE-DPower.1.3.0
2025-05-13 14:09:04,097 [WARN] ConditionMgr:438 - getConditionDescription Invalid condition id : LAN8742 Phy interface Condition cause : null
2025-05-13 14:09:04,099 [WARN] PackLoader:240 - Cannot read IP mode file for STMicroelectronics.X-CUBE-AZRTOS-L4.2.0.0
2025-05-13 14:09:04,104 [WARN] ConditionMgr:1044 - genDependencies : Invalid condition id : LAN8742 Phy interface Condition cause : null
2025-05-13 14:09:04,105 [WARN] ConditionMgr:1044 - genDependencies : Invalid condition id : LAN8742 Phy interface Condition cause : null
2025-05-13 14:09:04,106 [WARN] ConditionMgr:1044 - genDependencies : Invalid condition id : LAN8742 Phy interface Condition cause : null
2025-05-13 14:09:04,114 [WARN] PackLoader:240 - Cannot read IP mode file for STMicroelectronics.X-CUBE-SFXS2LP1.4.0.0
2025-05-13 14:09:04,141 [WARN] PackLoader:240 - Cannot read IP mode file for STMicroelectronics.X-CUBE-AZRTOS-H7.3.3.0
2025-05-13 14:09:04,164 [WARN] ConditionMgr:438 - getConditionDescription Invalid condition id : UX DEVICE CLASS RTOS Condition cause : null
2025-05-13 14:09:04,165 [WARN] ConditionMgr:438 - getConditionDescription Invalid condition id : UX DEVICE CLASS RTOS Condition cause : null
2025-05-13 14:09:04,169 [WARN] PackLoader:240 - Cannot read IP mode file for STMicroelectronics.X-CUBE-AZRTOS-WB.2.0.0
2025-05-13 14:09:04,170 [WARN] ConditionMgr:1044 - genDependencies : Invalid condition id : UX DEVICE CLASS RTOS Condition cause : null
2025-05-13 14:09:04,170 [WARN] ConditionMgr:1044 - genDependencies : Invalid condition id : UX DEVICE CLASS RTOS Condition cause : null
2025-05-13 14:09:04,170 [WARN] ConditionMgr:1044 - genDependencies : Invalid condition id : UX DEVICE CLASS RTOS Condition cause : null
2025-05-13 14:09:04,171 [WARN] ConditionMgr:1044 - genDependencies : Invalid condition id : UX DEVICE CLASS RTOS Condition cause : null
2025-05-13 14:09:04,171 [WARN] ConditionMgr:1044 - genDependencies : Invalid condition id : UX DEVICE CLASS RTOS Condition cause : null
2025-05-13 14:09:04,177 [WARN] PackLoader:240 - Cannot read IP mode file for STMicroelectronics.X-CUBE-GNSS1.7.0.1
2025-05-13 14:09:04,181 [WARN] PackLoader:240 - Cannot read IP mode file for STMicroelectronics.X-CUBE-TOUCHGFX.4.25.0
2025-05-13 14:09:04,186 [WARN] PackLoader:240 - Cannot read IP mode file for STMicroelectronics.FP-SNS-STBOX1.2.0.0
2025-05-13 14:09:04,203 [WARN] PackLoader:240 - Cannot read IP mode file for STMicroelectronics.X-CUBE-SUBG2.5.0.0
2025-05-13 14:09:04,228 [WARN] PackLoader:240 - Cannot read IP mode file for STMicroelectronics.X-CUBE-AZRTOS-H7RS.1.1.0
2025-05-13 14:09:04,234 [WARN] PackLoader:240 - Cannot read IP mode file for Cesanta.I-CUBE-Mongoose.7.13.0
2025-05-13 14:09:04,250 [WARN] PackLoader:240 - Cannot read IP mode file for STMicroelectronics.X-CUBE-AZRTOS-G4.2.0.0
2025-05-13 14:09:04,258 [WARN] PackLoader:240 - Cannot read IP mode file for STMicroelectronics.X-CUBE-NFC7.2.0.0
2025-05-13 14:09:04,270 [WARN] PackLoader:240 - Cannot read IP mode file for STMicroelectronics.X-CUBE-IPS.3.1.0
2025-05-13 14:09:04,278 [WARN] PackLoader:240 - Cannot read IP mode file for STMicroelectronics.X-CUBE-ALS.1.0.2
2025-05-13 14:09:04,280 [WARN] PackLoader:240 - Cannot read IP mode file for STMicroelectronics.X-CUBE-TOUCHGFX.4.24.2
2025-05-13 14:09:04,282 [WARN] PackLoader:240 - Cannot read IP mode file for wolfSSL.I-CUBE-wolfTPM.3.4.0
2025-05-13 14:09:04,287 [WARN] PackLoader:240 - Cannot read IP mode file for portGmbH.I-Cube-SoM-uGOAL.1.1.0
2025-05-13 14:09:04,308 [WARN] PackLoader:240 - Cannot read IP mode file for STMicroelectronics.X-CUBE-AZRTOS-H7RS.1.0.0
2025-05-13 14:09:04,324 [WARN] PackLoader:240 - Cannot read IP mode file for STMicroelectronics.X-CUBE-TOF1.3.4.2
2025-05-13 14:09:04,345 [WARN] PackLoader:240 - Cannot read IP mode file for STMicroelectronics.X-CUBE-TOF1.3.4.3
2025-05-13 14:09:04,358 [WARN] PackLoader:240 - Cannot read IP mode file for wolfSSL.I-CUBE-wolfSSH.1.4.17
2025-05-13 14:09:04,359 [INFO] ThirdParty:978 - Integrity check success = true
2025-05-13 14:09:04,359 [INFO] IntegrityCheckThread:100 - exiting critical section [integrity check]
2025-05-13 14:09:04,359 [INFO] IntegrityCheckThread:103 - End integrity checks thread
