2025-05-12 10:35:09,891 [INFO] Activator:176 - 


2025-05-12 10:35:09,900 [INFO] Activator:177 - !SESSION log4j initialized
2025-05-12 10:35:15,693 [INFO] LogOutputStream:77 - [STDOUT_REDIRECT] 
2025-05-12 10:35:16,579 [ERROR] LogOutputStream:75 - [STDERR_REDIRECT] 
2025-05-12 10:35:18,722 [INFO] LogOutputStream:77 - [STDOUT_REDIRECT] 
2025-05-12 10:35:19,407 [ERROR] ConfigurationRetriever:142 - IOException on connection: sw-center.st.com
2025-05-12 10:35:19,409 [ERROR] ConfigurationRetriever:142 - IOException on connection: sw-center.st.com
2025-05-12 10:35:19,410 [ERROR] ConfigurationRetriever:142 - IOException on connection: sw-center.st.com
2025-05-12 10:35:19,813 [INFO] ApplicationProperties:184 - Using Application install path: /Applications/STM32CubeIDE.app/Contents/Eclipse/plugins/com.st.stm32cube.common.mx_6.13.0.202411220809
2025-05-12 10:35:19,828 [INFO] DbMcusXml:78 - Set database path to: /Applications/STM32CubeIDE.app/Contents/Eclipse/plugins/com.st.stm32cube.common.mx_6.13.0.202411220809//db//mcu/
2025-05-12 10:35:19,828 [INFO] ApiDb:274 - Set plugin database path to: /Applications/STM32CubeIDE.app/Contents/Eclipse/plugins/com.st.stm32cube.common.mx_6.13.0.202411220809//db//plugins/boardmanager/
2025-05-12 10:35:19,829 [WARN] ApiDb:259 - Overriding images path with different value:  => /Applications/STM32CubeIDE.app/Contents/Eclipse/plugins/com.st.stm32cube.common.mx_6.13.0.202411220809//db//plugins/mcufinder/images/
2025-05-12 10:35:19,836 [INFO] ApiDb:250 - Set database path to: /Users/jonahk/.stmcufinder/plugins/mcufinder//mcu/
2025-05-12 10:35:19,836 [INFO] DbMcusAds:125 - Set database path to: /Users/jonahk/.stmcufinder/plugins/mcufinder//mcu/
2025-05-12 10:35:19,838 [INFO] CrossReferenceDbSqlite:203 - Set database path to: /Users/jonahk/.stmcufinder/plugins/mcufinder//mcu/cs/
2025-05-12 10:35:20,012 [INFO] RulesReader:64 - Compatibility file has been processed (297 Rules)
2025-05-12 10:35:20,119 [INFO] DbMcusXml:78 - Set database path to: /Applications/STM32CubeIDE.app/Contents/Eclipse/plugins/com.st.stm32cube.common.mx_6.13.0.202411220809//db//mcu/
2025-05-12 10:35:20,119 [INFO] ApiDb:274 - Set plugin database path to: /Applications/STM32CubeIDE.app/Contents/Eclipse/plugins/com.st.stm32cube.common.mx_6.13.0.202411220809//db//plugins/boardmanager/
2025-05-12 10:35:20,119 [INFO] ApiDb:261 - Set plugin images path to: /Applications/STM32CubeIDE.app/Contents/Eclipse/plugins/com.st.stm32cube.common.mx_6.13.0.202411220809//db//plugins/mcufinder/images/
2025-05-12 10:35:20,119 [WARN] DbFile:41 - Overriding database path with different value: /Users/jonahk/.stmcufinder/plugins/mcufinder/ => /Users/jonahk/.stmcufinder/plugins/mcufinder
2025-05-12 10:35:20,119 [INFO] ApiDb:250 - Set database path to: /Users/jonahk/.stmcufinder/plugins/mcufinder//mcu/
2025-05-12 10:35:20,119 [WARN] DbFile:41 - Overriding database path with different value: /Users/jonahk/.stmcufinder/plugins/mcufinder/ => /Users/jonahk/.stmcufinder/plugins/mcufinder
2025-05-12 10:35:20,119 [INFO] DbMcusAds:125 - Set database path to: /Users/jonahk/.stmcufinder/plugins/mcufinder//mcu/
2025-05-12 10:35:20,119 [WARN] DbFile:41 - Overriding database path with different value: /Users/jonahk/.stmcufinder/plugins/mcufinder/ => /Users/jonahk/.stmcufinder/plugins/mcufinder
2025-05-12 10:35:20,120 [WARN] DbFile:41 - Overriding database path with different value: /Users/jonahk/.stmcufinder/plugins/mcufinder/ => /Users/jonahk/.stmcufinder/plugins/mcufinder
2025-05-12 10:35:20,120 [INFO] CrossReferenceDbSqlite:203 - Set database path to: /Users/jonahk/.stmcufinder/plugins/mcufinder//mcu/cs/
2025-05-12 10:35:20,202 [INFO] MainPanel:272 - HeapMemory: 268435456
2025-05-12 10:35:21,040 [INFO] DbMcusXml:78 - Set database path to: /Applications/STM32CubeIDE.app/Contents/Eclipse/plugins/com.st.stm32cube.common.mx_6.13.0.202411220809//db//mcu/
2025-05-12 10:35:21,040 [INFO] ApiDb:274 - Set plugin database path to: /Applications/STM32CubeIDE.app/Contents/Eclipse/plugins/com.st.stm32cube.common.mx_6.13.0.202411220809//db//plugins/boardmanager/
2025-05-12 10:35:21,041 [INFO] ApiDb:261 - Set plugin images path to: /Applications/STM32CubeIDE.app/Contents/Eclipse/plugins/com.st.stm32cube.common.mx_6.13.0.202411220809//db//plugins/mcufinder/images/
2025-05-12 10:35:21,041 [WARN] DbFile:41 - Overriding database path with different value: /Users/jonahk/.stmcufinder/plugins/mcufinder/ => /Users/jonahk/.stmcufinder/plugins/mcufinder
2025-05-12 10:35:21,041 [INFO] ApiDb:250 - Set database path to: /Users/jonahk/.stmcufinder/plugins/mcufinder//mcu/
2025-05-12 10:35:21,041 [WARN] DbFile:41 - Overriding database path with different value: /Users/jonahk/.stmcufinder/plugins/mcufinder/ => /Users/jonahk/.stmcufinder/plugins/mcufinder
2025-05-12 10:35:21,042 [INFO] DbMcusAds:125 - Set database path to: /Users/jonahk/.stmcufinder/plugins/mcufinder//mcu/
2025-05-12 10:35:21,042 [WARN] DbFile:41 - Overriding database path with different value: /Users/jonahk/.stmcufinder/plugins/mcufinder/ => /Users/jonahk/.stmcufinder/plugins/mcufinder
2025-05-12 10:35:21,042 [WARN] DbFile:41 - Overriding database path with different value: /Users/jonahk/.stmcufinder/plugins/mcufinder/ => /Users/jonahk/.stmcufinder/plugins/mcufinder
2025-05-12 10:35:21,042 [INFO] CrossReferenceDbSqlite:203 - Set database path to: /Users/jonahk/.stmcufinder/plugins/mcufinder//mcu/cs/
2025-05-12 10:35:21,063 [INFO] ApplicationProperties:184 - Using Application install path: /Applications/STM32CubeIDE.app/Contents/Eclipse/plugins/com.st.stm32cube.common.mx_6.13.0.202411220809
2025-05-12 10:35:21,064 [INFO] PluginManage:196 - Search for loadable plugins [exclusion list=, ]
2025-05-12 10:35:21,067 [INFO] PluginManage:310 - Check plugin analytics
2025-05-12 10:35:21,297 [INFO] AnalyticsPlugin:253 - Accepted Software Licenses: STM32CubeMX.6.13.0
2025-05-12 10:35:21,298 [INFO] AnalyticsPlugin:255 - Accepted CMSIS Pack Licenses: 
2025-05-12 10:35:21,298 [INFO] AnalyticsPlugin:257 - Accepted Firmware Licenses: 
2025-05-12 10:35:21,308 [INFO] PluginManage:359 - Loaded plugin analytics (category:tool,tabindex:-1)
2025-05-12 10:35:21,308 [ERROR] ConfigurationRetriever:142 - IOException on connection: sw-center.st.com
2025-05-12 10:35:21,310 [INFO] PluginManage:310 - Check plugin cadmodel
2025-05-12 10:35:21,310 [ERROR] ConfigurationRetriever:142 - IOException on connection: sw-center.st.com
2025-05-12 10:35:21,310 [ERROR] ConfigurationRetriever:142 - IOException on connection: sw-center.st.com
2025-05-12 10:35:21,325 [INFO] CADModel:105 - Init CAD model plugin
2025-05-12 10:35:21,326 [INFO] PluginManage:359 - Loaded plugin cadmodel (category:power,tabindex:5)
2025-05-12 10:35:21,326 [INFO] PluginManage:310 - Check plugin clock
2025-05-12 10:35:21,338 [INFO] PluginManage:359 - Loaded plugin clock (category:base,tabindex:2)
2025-05-12 10:35:21,339 [INFO] PluginManage:310 - Check plugin ddr
2025-05-12 10:35:21,342 [INFO] PluginManage:359 - Loaded plugin ddr (category:tool,tabindex:6)
2025-05-12 10:35:21,342 [INFO] PluginManage:310 - Check plugin filemanager
2025-05-12 10:35:21,532 [INFO] PluginManage:359 - Loaded plugin filemanager (category:base,tabindex:10)
2025-05-12 10:35:21,532 [INFO] PluginManage:310 - Check plugin ipmanager
2025-05-12 10:35:21,543 [INFO] PluginManage:359 - Loaded plugin ipmanager (category:base,tabindex:5)
2025-05-12 10:35:21,543 [INFO] PluginManage:310 - Check plugin lpbam
2025-05-12 10:35:21,551 [INFO] PluginManage:359 - Loaded plugin lpbam (category:base,tabindex:0)
2025-05-12 10:35:21,552 [INFO] PluginManage:310 - Check plugin memorymap
2025-05-12 10:35:21,562 [INFO] PluginManage:359 - Loaded plugin memorymap (category:base,tabindex:4)
2025-05-12 10:35:21,562 [INFO] PluginManage:310 - Check plugin pinoutandconfiguration
2025-05-12 10:35:21,570 [INFO] PluginManage:359 - Loaded plugin pinoutandconfiguration (category:base,tabindex:1)
2025-05-12 10:35:21,570 [INFO] PluginManage:310 - Check plugin pinoutconfig
2025-05-12 10:35:21,663 [WARN] SupportedApi:132 - Cannot load RTOS API schema: s4s-elt-must-match.1: The content of 'definitions' must match (annotation?, (simpleType | complexType)?, (unique | key | keyref)*)). A problem was found starting at: attribute.
2025-05-12 10:35:21,879 [INFO] PluginManage:359 - Loaded plugin pinoutconfig (category:base,tabindex:0)
2025-05-12 10:35:21,880 [INFO] PluginManage:310 - Check plugin power
2025-05-12 10:35:21,893 [INFO] PluginManage:359 - Loaded plugin power (category:power,tabindex:4)
2025-05-12 10:35:21,894 [INFO] PluginManage:310 - Check plugin projectmanager
2025-05-12 10:35:21,924 [INFO] PluginManage:359 - Loaded plugin projectmanager (category:projectmanager,tabindex:4)
2025-05-12 10:35:21,924 [INFO] PluginManage:310 - Check plugin rif
2025-05-12 10:35:21,932 [INFO] PluginManage:359 - Loaded plugin rif (category:base,tabindex:3)
2025-05-12 10:35:21,932 [INFO] PluginManage:310 - Check plugin thirdparty
2025-05-12 10:35:22,113 [INFO] PluginManage:359 - Loaded plugin thirdparty (category:base,tabindex:-1)
2025-05-12 10:35:22,114 [INFO] PluginManage:310 - Check plugin tools
2025-05-12 10:35:22,113 [WARN] IntegrityCheckThread:84 - waiting for thirdparty lock release [integrity check]
2025-05-12 10:35:22,115 [INFO] IntegrityCheckThread:86 - entering critical section [integrity check]
2025-05-12 10:35:22,115 [INFO] ThirdPartyUpdaterWithRetryManager:70 - Updater plugin not ready yet. [1/15]
2025-05-12 10:35:22,116 [INFO] PluginManage:359 - Loaded plugin tools (category:base,tabindex:7)
2025-05-12 10:35:22,116 [INFO] PluginManage:310 - Check plugin tutovideos
2025-05-12 10:35:22,302 [INFO] PluginManage:359 - Loaded plugin tutovideos (category:base,tabindex:-1)
2025-05-12 10:35:22,303 [INFO] PluginManage:310 - Check plugin updater
2025-05-12 10:35:22,334 [INFO] PluginManage:359 - Loaded plugin updater (category:base,tabindex:12)
2025-05-12 10:35:22,334 [INFO] PluginManage:310 - Check plugin userauth
2025-05-12 10:35:22,340 [INFO] UserAuth:118 - Init User Auth plugin
2025-05-12 10:35:22,341 [INFO] PluginManage:359 - Loaded plugin userauth (category:base,tabindex:14)
2025-05-12 10:35:22,343 [INFO] PluginManage:283 - PluginManage : Loaded plugins [18]
2025-05-12 10:35:22,645 [INFO] PinOutPanel:1589 - setPackage(No Configuration,No Configuration)
2025-05-12 10:35:22,736 [INFO] CADModel:165 - CPN selected for project level
2025-05-12 10:35:22,736 [INFO] CADModel:114 - Register for checkConnection events
2025-05-12 10:35:22,749 [INFO] IPUIPlugin:80 - create IPUIPlugin
2025-05-12 10:35:22,749 [INFO] PluginManager:220 - loadIPPluginJar : add mdma
2025-05-12 10:35:22,756 [INFO] IPUIPlugin:80 - create IPUIPlugin
2025-05-12 10:35:22,757 [INFO] PluginManager:220 - loadIPPluginJar : add freertos
2025-05-12 10:35:22,761 [INFO] IPUIPlugin:80 - create IPUIPlugin
2025-05-12 10:35:22,761 [INFO] PluginManager:220 - loadIPPluginJar : add gic
2025-05-12 10:35:22,768 [INFO] IPUIPlugin:80 - create IPUIPlugin
2025-05-12 10:35:22,768 [INFO] PluginManager:220 - loadIPPluginJar : add adc
2025-05-12 10:35:22,770 [INFO] IPUIPlugin:80 - create IPUIPlugin
2025-05-12 10:35:22,770 [INFO] PluginManager:220 - loadIPPluginJar : add gtzc
2025-05-12 10:35:22,771 [INFO] IPUIPlugin:80 - create IPUIPlugin
2025-05-12 10:35:22,771 [INFO] PluginManager:220 - loadIPPluginJar : add quadspi
2025-05-12 10:35:22,772 [INFO] IPUIPlugin:80 - create IPUIPlugin
2025-05-12 10:35:22,772 [INFO] PluginManager:220 - loadIPPluginJar : add aes
2025-05-12 10:35:22,774 [INFO] IPUIPlugin:80 - create IPUIPlugin
2025-05-12 10:35:22,774 [INFO] PluginManager:220 - loadIPPluginJar : add pdm2pcm
2025-05-12 10:35:22,775 [INFO] IPUIPlugin:80 - create IPUIPlugin
2025-05-12 10:35:22,775 [INFO] PluginManager:220 - loadIPPluginJar : add hash
2025-05-12 10:35:22,776 [INFO] IPUIPlugin:80 - create IPUIPlugin
2025-05-12 10:35:22,776 [INFO] PluginManager:220 - loadIPPluginJar : add tim
2025-05-12 10:35:22,780 [INFO] IPUIPlugin:80 - create IPUIPlugin
2025-05-12 10:35:22,780 [INFO] PluginManager:220 - loadIPPluginJar : add tsc
2025-05-12 10:35:22,782 [INFO] IPUIPlugin:80 - create IPUIPlugin
2025-05-12 10:35:22,782 [INFO] PluginManager:220 - loadIPPluginJar : add extmemmanager
2025-05-12 10:35:22,783 [INFO] IPUIPlugin:80 - create IPUIPlugin
2025-05-12 10:35:22,783 [INFO] PluginManager:220 - loadIPPluginJar : add ts
2025-05-12 10:35:22,784 [INFO] IPUIPlugin:80 - create IPUIPlugin
2025-05-12 10:35:22,785 [INFO] PluginManager:220 - loadIPPluginJar : add radio
2025-05-12 10:35:22,786 [INFO] IPUIPlugin:80 - create IPUIPlugin
2025-05-12 10:35:22,786 [INFO] PluginManager:220 - loadIPPluginJar : add can
2025-05-12 10:35:22,787 [INFO] IPUIPlugin:80 - create IPUIPlugin
2025-05-12 10:35:22,787 [INFO] PluginManager:220 - loadIPPluginJar : add dma3
2025-05-12 10:35:22,789 [INFO] IPUIPlugin:80 - create IPUIPlugin
2025-05-12 10:35:22,790 [INFO] PluginManager:220 - loadIPPluginJar : add dfsdm
2025-05-12 10:35:22,791 [INFO] IPUIPlugin:80 - create IPUIPlugin
2025-05-12 10:35:22,791 [INFO] PluginManager:220 - loadIPPluginJar : add spi
2025-05-12 10:35:22,792 [INFO] IPUIPlugin:80 - create IPUIPlugin
2025-05-12 10:35:22,793 [INFO] PluginManager:220 - loadIPPluginJar : add gfxmmu
2025-05-12 10:35:22,794 [INFO] IPUIPlugin:80 - create IPUIPlugin
2025-05-12 10:35:22,794 [INFO] PluginManager:220 - loadIPPluginJar : add genericplugin
2025-05-12 10:35:22,796 [INFO] IPUIPlugin:80 - create IPUIPlugin
2025-05-12 10:35:22,796 [INFO] PluginManager:220 - loadIPPluginJar : add cryp
2025-05-12 10:35:22,799 [INFO] IPUIPlugin:80 - create IPUIPlugin
2025-05-12 10:35:22,799 [INFO] PluginManager:220 - loadIPPluginJar : add gpio
2025-05-12 10:35:22,802 [INFO] IPUIPlugin:80 - create IPUIPlugin
2025-05-12 10:35:22,804 [INFO] PluginManager:220 - loadIPPluginJar : add ddr_ctrl_phy
2025-05-12 10:35:22,806 [INFO] IPUIPlugin:80 - create IPUIPlugin
2025-05-12 10:35:22,806 [INFO] PluginManager:220 - loadIPPluginJar : add comp
2025-05-12 10:35:22,807 [INFO] IPUIPlugin:80 - create IPUIPlugin
2025-05-12 10:35:22,807 [INFO] PluginManager:220 - loadIPPluginJar : add tracer_emb
2025-05-12 10:35:22,809 [INFO] IPUIPlugin:80 - create IPUIPlugin
2025-05-12 10:35:22,809 [INFO] PluginManager:220 - loadIPPluginJar : add openamp
2025-05-12 10:35:22,812 [INFO] IPUIPlugin:80 - create IPUIPlugin
2025-05-12 10:35:22,812 [INFO] PluginManager:220 - loadIPPluginJar : add stm32_wpan
2025-05-12 10:35:22,816 [INFO] IPUIPlugin:80 - create IPUIPlugin
2025-05-12 10:35:22,819 [INFO] PluginManager:220 - loadIPPluginJar : add plateformsettings
2025-05-12 10:35:22,821 [INFO] IPUIPlugin:80 - create IPUIPlugin
2025-05-12 10:35:22,821 [INFO] PluginManager:220 - loadIPPluginJar : add ipddr
2025-05-12 10:35:22,824 [INFO] IPUIPlugin:80 - create IPUIPlugin
2025-05-12 10:35:22,825 [INFO] PluginManager:220 - loadIPPluginJar : add usart
2025-05-12 10:35:22,826 [INFO] IPUIPlugin:80 - create IPUIPlugin
2025-05-12 10:35:22,826 [INFO] PluginManager:220 - loadIPPluginJar : add ltdc
2025-05-12 10:35:22,832 [INFO] IPUIPlugin:80 - create IPUIPlugin
2025-05-12 10:35:22,832 [INFO] PluginManager:220 - loadIPPluginJar : add nvic
2025-05-12 10:35:22,833 [INFO] IPUIPlugin:80 - create IPUIPlugin
2025-05-12 10:35:22,834 [INFO] PluginManager:220 - loadIPPluginJar : add fatfs
2025-05-12 10:35:22,848 [INFO] IPUIPlugin:80 - create IPUIPlugin
2025-05-12 10:35:22,848 [INFO] PluginManager:220 - loadIPPluginJar : add linkedlist
2025-05-12 10:35:22,854 [INFO] IPUIPlugin:80 - create IPUIPlugin
2025-05-12 10:35:22,855 [INFO] PluginManager:220 - loadIPPluginJar : add dma
2025-05-12 10:35:22,858 [INFO] IPUIPlugin:80 - create IPUIPlugin
2025-05-12 10:35:22,858 [INFO] PluginManager:220 - loadIPPluginJar : add fmc
2025-05-12 10:35:22,860 [INFO] IPUIPlugin:80 - create IPUIPlugin
2025-05-12 10:35:22,860 [INFO] PluginManager:220 - loadIPPluginJar : add i2s
2025-05-12 10:35:22,862 [INFO] IPUIPlugin:80 - create IPUIPlugin
2025-05-12 10:35:22,862 [INFO] PluginManager:220 - loadIPPluginJar : add ucpd
2025-05-12 10:35:22,865 [INFO] IPUIPlugin:80 - create IPUIPlugin
2025-05-12 10:35:22,865 [INFO] PluginManager:220 - loadIPPluginJar : add lorawan
2025-05-12 10:35:22,868 [INFO] IPUIPlugin:80 - create IPUIPlugin
2025-05-12 10:35:22,868 [INFO] PluginManager:220 - loadIPPluginJar : add opamp
2025-05-12 10:35:22,869 [INFO] IPUIPlugin:80 - create IPUIPlugin
2025-05-12 10:35:22,870 [INFO] PluginManager:220 - loadIPPluginJar : add i3c
2025-05-12 10:35:22,872 [INFO] IPUIPlugin:80 - create IPUIPlugin
2025-05-12 10:35:22,873 [INFO] PluginManager:220 - loadIPPluginJar : add touchsensing
2025-05-12 10:35:22,874 [INFO] IPUIPlugin:80 - create IPUIPlugin
2025-05-12 10:35:22,874 [INFO] PluginManager:220 - loadIPPluginJar : add i2c
2025-05-12 10:35:22,877 [INFO] IPUIPlugin:80 - create IPUIPlugin
2025-05-12 10:35:22,877 [INFO] PluginManager:220 - loadIPPluginJar : add resmgrutility
2025-05-12 10:35:22,881 [INFO] IPUIPlugin:80 - create IPUIPlugin
2025-05-12 10:35:22,881 [INFO] PluginManager:220 - loadIPPluginJar : add sai
2025-05-12 10:35:22,883 [INFO] IPUIPlugin:80 - create IPUIPlugin
2025-05-12 10:35:22,884 [INFO] PluginManager:220 - loadIPPluginJar : add usbx
2025-05-12 10:35:23,006 [FATAL] Updater:351 - Updater called before beeing initialized
2025-05-12 10:35:23,059 [INFO] RulesReader:64 - Compatibility file has been processed (297 Rules)
2025-05-12 10:35:23,072 [INFO] RulesReader:64 - Compatibility file has been processed (297 Rules)
2025-05-12 10:35:23,085 [INFO] CADModel:165 - CPN selected for project level
2025-05-12 10:35:23,085 [INFO] CADModel:114 - Register for checkConnection events
2025-05-12 10:35:23,085 [FATAL] Updater:351 - Updater called before beeing initialized
2025-05-12 10:35:23,085 [ERROR] CADModel:125 - Updater not yet initialized, retry later 
2025-05-12 10:35:23,375 [FATAL] Updater:351 - Updater called before beeing initialized
2025-05-12 10:35:23,377 [INFO] CADModel:165 - CPN selected for project level
2025-05-12 10:35:23,377 [INFO] CADModel:114 - Register for checkConnection events
2025-05-12 10:35:23,377 [FATAL] Updater:351 - Updater called before beeing initialized
2025-05-12 10:35:23,377 [ERROR] CADModel:125 - Updater not yet initialized, retry later 
2025-05-12 10:35:23,381 [FATAL] Updater:351 - Updater called before beeing initialized
2025-05-12 10:35:23,543 [FATAL] Updater:351 - Updater called before beeing initialized
2025-05-12 10:35:23,549 [INFO] DbMcusAds:53 - JSON generation date=Thu Mar 06 09:54:22 EST 2025 (1741272862078)
2025-05-12 10:35:23,549 [FATAL] Updater:351 - Updater called before beeing initialized
2025-05-12 10:35:23,628 [WARN] DetailPanel:346 - Failed to get advertising image, set to default
2025-05-12 10:35:24,276 [FATAL] Updater:351 - Updater called before beeing initialized
2025-05-12 10:35:24,323 [FATAL] Updater:351 - Updater called before beeing initialized
2025-05-12 10:35:24,326 [FATAL] Updater:351 - Updater called before beeing initialized
2025-05-12 10:35:24,329 [WARN] DetailPanel:346 - Failed to get advertising image, set to default
2025-05-12 10:35:24,387 [FATAL] Updater:351 - Updater called before beeing initialized
2025-05-12 10:35:24,423 [ERROR] LogOutputStream:75 - [STDERR_REDIRECT] [Fatal Error] :2:10: DOCTYPE is disallowed when the feature "http://apache.org/xml/features/disallow-doctype-decl" set to true.
2025-05-12 10:35:24,434 [ERROR] LogOutputStream:75 - [STDERR_REDIRECT] 
2025-05-12 10:35:24,583 [ERROR] Updater:1198 - MainUpdater not yet initialized. External WinMGr cannot be set.
2025-05-12 10:35:24,595 [INFO] Updater:1134 - Updater Version found : 6.13.0
2025-05-12 10:35:24,615 [INFO] ApplicationProperties:184 - Using Application install path: /Applications/STM32CubeIDE.app/Contents/Eclipse/plugins/com.st.stm32cube.common.mx_6.13.0.202411220809
2025-05-12 10:35:24,902 [INFO] MainUpdater:2872 - connection check result : 22
2025-05-12 10:35:24,903 [INFO] MainUpdater:289 - Updater Check For Update Now.
2025-05-12 10:35:24,903 [INFO] MicroXplorer:498 - Change Database Version : DB.6.0.130
2025-05-12 10:35:24,912 [INFO] McuFinderGlobals:63 - Set McuFinder mode to 2 (CubeIDE integrated)
2025-05-12 10:35:24,913 [INFO] UserAuth:171 - activating auth plugin
2025-05-12 10:35:24,930 [INFO] UserAuth:486 - Internet connection configuration mode: 2
2025-05-12 10:35:24,972 [INFO] UserAuth:486 - Internet connection configuration mode: 2
2025-05-12 10:35:25,123 [WARN] MainUpdater:1193 - Updater busy. Cannot search thirdparties
2025-05-12 10:35:25,125 [INFO] ThirdPartyUpdaterWithRetryManager:96 - Updater plugin is busy. [1/15]
2025-05-12 10:35:25,324 [INFO] CheckServerUpdateThread:120 - End of CheckServer Thread
2025-05-12 10:35:28,321 [WARN] PackLoader:240 - Cannot read IP mode file for STMicroelectronics.FP-SNS-MOTENVWB1.1.4.0
2025-05-12 10:35:28,343 [WARN] PackLoader:240 - Cannot read IP mode file for STMicroelectronics.FP-ATR-ASTRA1.2.0.2
2025-05-12 10:35:28,357 [WARN] PackLoader:240 - Cannot read IP mode file for STMicroelectronics.FP-ATR-ASTRA1.2.0.1
2025-05-12 10:35:28,372 [WARN] PackLoader:240 - Cannot read IP mode file for STMicroelectronics.X-CUBE-SMBUS.2.1.0
2025-05-12 10:35:28,386 [WARN] PackLoader:240 - Cannot read IP mode file for STMicroelectronics.X-CUBE-WB05N.1.1.0
2025-05-12 10:35:28,437 [WARN] PackLoader:240 - Cannot read IP mode file for STMicroelectronics.X-CUBE-AZRTOS-F7.1.1.0
2025-05-12 10:35:28,465 [WARN] PackLoader:240 - Cannot read IP mode file for STMicroelectronics.FP-SNS-FLIGHT1.5.0.2
2025-05-12 10:35:28,519 [WARN] PackLoader:240 - Cannot read IP mode file for Infineon.AIROC-Wi-Fi-Bluetooth-STM32.1.7.0
2025-05-12 10:35:28,564 [WARN] PackLoader:240 - Cannot read IP mode file for STMicroelectronics.X-CUBE-DISPLAY.3.0.0
2025-05-12 10:35:28,614 [WARN] PackLoader:240 - Cannot read IP mode file for STMicroelectronics.X-CUBE-BLE1.7.0.0
2025-05-12 10:35:28,639 [WARN] PackLoader:240 - Cannot read IP mode file for STMicroelectronics.X-CUBE-NFC10.1.0.0
2025-05-12 10:35:28,668 [WARN] PackLoader:240 - Cannot read IP mode file for STMicroelectronics.X-CUBE-BLEMGR.4.0.0
2025-05-12 10:35:28,683 [WARN] PackLoader:240 - Cannot read IP mode file for emotas.I-CUBE-CANOPEN.1.3.0
2025-05-12 10:35:28,699 [WARN] PackLoader:240 - Cannot read IP mode file for STMicroelectronics.X-CUBE-AI.10.0.0
2025-05-12 10:35:28,711 [WARN] PackLoader:240 - Cannot read IP mode file for STMicroelectronics.FP-SNS-SMARTAG2.1.2.0
2025-05-12 10:35:28,718 [WARN] PackLoader:240 - Cannot read IP mode file for STMicroelectronics.FP-SNS-FLIGHT1.5.1.0
2025-05-12 10:35:28,817 [WARN] PackLoader:240 - Cannot read IP mode file for STMicroelectronics.X-CUBE-MEMS1.11.1.0
2025-05-12 10:35:28,939 [INFO] LogOutputStream:77 - [STDOUT_REDIRECT] 1 : Invalid condition id : UX_CORESTACK_Condition cause : null
2025-05-12 10:35:28,940 [INFO] LogOutputStream:77 - [STDOUT_REDIRECT] 1 : Invalid condition id : UX_CORESTACK_Condition cause : null
2025-05-12 10:35:28,941 [INFO] LogOutputStream:77 - [STDOUT_REDIRECT] 1 : Invalid condition id : UX_CORESTACK_Condition cause : null
2025-05-12 10:35:28,942 [INFO] LogOutputStream:77 - [STDOUT_REDIRECT] 1 : Invalid condition id : UX_CORESTACK_Condition cause : null
2025-05-12 10:35:28,944 [INFO] LogOutputStream:77 - [STDOUT_REDIRECT] 1 : Invalid condition id : UX_CORESTACK_Condition cause : null
2025-05-12 10:35:28,950 [WARN] PackLoader:240 - Cannot read IP mode file for STMicroelectronics.X-CUBE-AZRTOS-WL.2.0.0
2025-05-12 10:35:28,963 [WARN] PackLoader:240 - Cannot read IP mode file for STMicroelectronics.FP-SNS-MOTENV1.5.0.0
2025-05-12 10:35:28,967 [WARN] PackLoader:240 - Cannot read IP mode file for wolfSSL.I-CUBE-wolfMQTT.1.19.0
2025-05-12 10:35:28,979 [WARN] PackLoader:240 - Cannot read IP mode file for WES.I-CUBE-Cesium.1.3.0
2025-05-12 10:35:28,988 [WARN] PackLoader:240 - Cannot read IP mode file for STMicroelectronics.X-CUBE-BLE2.3.3.0
2025-05-12 10:35:28,998 [WARN] PackLoader:240 - Cannot read IP mode file for STMicroelectronics.X-CUBE-NFC9.1.0.0
2025-05-12 10:35:29,009 [WARN] PackLoader:240 - Cannot read IP mode file for STMicroelectronics.X-CUBE-BLE1.7.1.0
2025-05-12 10:35:29,078 [WARN] PackLoader:240 - Cannot read IP mode file for STMicroelectronics.X-CUBE-MEMS1.11.2.0
2025-05-12 10:35:29,190 [WARN] PackLoader:240 - Cannot read IP mode file for STMicroelectronics.X-CUBE-AZRTOS-G0.1.1.0
2025-05-12 10:35:29,207 [WARN] PackLoader:240 - Cannot read IP mode file for STMicroelectronics.X-CUBE-SAFEA1.1.2.2
2025-05-12 10:35:29,214 [WARN] PackLoader:240 - Cannot read IP mode file for STMicroelectronics.X-CUBE-NFC4.3.0.0
2025-05-12 10:35:29,228 [WARN] PackLoader:240 - Cannot read IP mode file for EmbeddedOffice.I-CUBE-FS-RTOS.1.0.1
2025-05-12 10:35:29,237 [WARN] PackLoader:240 - Cannot read IP mode file for STMicroelectronics.X-CUBE-WB05N.2.0.0
2025-05-12 10:35:29,250 [WARN] PackLoader:240 - Cannot read IP mode file for STMicroelectronics.X-CUBE-TCPP.4.2.0
2025-05-12 10:35:29,261 [WARN] PackLoader:240 - Cannot read IP mode file for RealThread.X-CUBE-RT-Thread_Nano.4.1.1
2025-05-12 10:35:29,266 [WARN] PackLoader:240 - Cannot read IP mode file for STMicroelectronics.FP-ATR-SIGFOX1.3.2.0
2025-05-12 10:35:29,271 [WARN] ConditionMgr:438 - getConditionDescription Invalid condition id : Cortex-A Device cause : null
2025-05-12 10:35:29,289 [WARN] ConditionMgr:1044 - genDependencies : Invalid condition id : Cortex-A Device cause : null
2025-05-12 10:35:29,289 [WARN] ConditionMgr:1044 - genDependencies : Invalid condition id : Cortex-A Device cause : null
2025-05-12 10:35:29,289 [WARN] ConditionMgr:1044 - genDependencies : Invalid condition id : Cortex-A Device cause : null
2025-05-12 10:35:29,296 [WARN] PackLoader:240 - Cannot read IP mode file for STMicroelectronics.X-CUBE-EEPRMA1.5.1.0
2025-05-12 10:35:29,301 [WARN] PackLoader:240 - Cannot read IP mode file for wolfSSL.I-CUBE-wolfSSL.5.7.6
2025-05-12 10:35:29,307 [WARN] PackLoader:240 - Cannot read IP mode file for ITTIA_DB.I-CUBE-ITTIADB.8.9.0
2025-05-12 10:35:29,347 [WARN] PackLoader:240 - Cannot read IP mode file for SEGGER.I-CUBE-embOS.1.3.1
2025-05-12 10:35:29,382 [WARN] PackLoader:240 - Cannot read IP mode file for STMicroelectronics.X-CUBE-ALGOBUILD.1.4.0
2025-05-12 10:35:29,409 [WARN] PackLoader:240 - Cannot read IP mode file for STMicroelectronics.X-CUBE-AZRTOS-F4.1.1.0
2025-05-12 10:35:29,416 [WARN] PackLoader:240 - Cannot read IP mode file for Avnet-IotConnect.X-CUBE-IoTC-DA16k-PMOD.1.0.0
2025-05-12 10:35:29,419 [WARN] PackLoader:240 - Cannot read IP mode file for STMicroelectronics.X-CUBE-ISPU.2.1.0
2025-05-12 10:35:29,442 [WARN] PackLoader:240 - Cannot read IP mode file for STMicroelectronics.X-CUBE-AZRTOS-L5.2.0.0
2025-05-12 10:35:29,456 [WARN] PackLoader:240 - Cannot read IP mode file for STMicroelectronics.X-CUBE-NFC6.3.1.0
2025-05-12 10:35:29,466 [WARN] PackLoader:240 - Cannot read IP mode file for STMicroelectronics.X-CUBE-DPower.1.2.0
2025-05-12 10:35:29,473 [WARN] PackLoader:240 - Cannot read IP mode file for STMicroelectronics.X-CUBE-FREERTOS.1.3.1
2025-05-12 10:35:29,477 [WARN] PackLoader:240 - Cannot read IP mode file for STMicroelectronics.X-CUBE-FREERTOS.1.3.0
2025-05-12 10:35:29,482 [WARN] PackLoader:240 - Cannot read IP mode file for STMicroelectronics.X-CUBE-NFC7.1.0.1
2025-05-12 10:35:29,488 [WARN] PackLoader:240 - Cannot read IP mode file for STMicroelectronics.X-CUBE-DPower.1.3.0
2025-05-12 10:35:29,513 [WARN] ConditionMgr:438 - getConditionDescription Invalid condition id : LAN8742 Phy interface Condition cause : null
2025-05-12 10:35:29,514 [WARN] PackLoader:240 - Cannot read IP mode file for STMicroelectronics.X-CUBE-AZRTOS-L4.2.0.0
2025-05-12 10:35:29,516 [WARN] ConditionMgr:1044 - genDependencies : Invalid condition id : LAN8742 Phy interface Condition cause : null
2025-05-12 10:35:29,516 [WARN] ConditionMgr:1044 - genDependencies : Invalid condition id : LAN8742 Phy interface Condition cause : null
2025-05-12 10:35:29,517 [WARN] ConditionMgr:1044 - genDependencies : Invalid condition id : LAN8742 Phy interface Condition cause : null
2025-05-12 10:35:29,525 [WARN] PackLoader:240 - Cannot read IP mode file for STMicroelectronics.X-CUBE-SFXS2LP1.4.0.0
2025-05-12 10:35:29,555 [WARN] PackLoader:240 - Cannot read IP mode file for STMicroelectronics.X-CUBE-AZRTOS-H7.3.3.0
2025-05-12 10:35:29,577 [WARN] ConditionMgr:438 - getConditionDescription Invalid condition id : UX DEVICE CLASS RTOS Condition cause : null
2025-05-12 10:35:29,577 [WARN] ConditionMgr:438 - getConditionDescription Invalid condition id : UX DEVICE CLASS RTOS Condition cause : null
2025-05-12 10:35:29,581 [WARN] PackLoader:240 - Cannot read IP mode file for STMicroelectronics.X-CUBE-AZRTOS-WB.2.0.0
2025-05-12 10:35:29,586 [WARN] ConditionMgr:1044 - genDependencies : Invalid condition id : UX DEVICE CLASS RTOS Condition cause : null
2025-05-12 10:35:29,586 [WARN] ConditionMgr:1044 - genDependencies : Invalid condition id : UX DEVICE CLASS RTOS Condition cause : null
2025-05-12 10:35:29,586 [WARN] ConditionMgr:1044 - genDependencies : Invalid condition id : UX DEVICE CLASS RTOS Condition cause : null
2025-05-12 10:35:29,587 [WARN] ConditionMgr:1044 - genDependencies : Invalid condition id : UX DEVICE CLASS RTOS Condition cause : null
2025-05-12 10:35:29,587 [WARN] ConditionMgr:1044 - genDependencies : Invalid condition id : UX DEVICE CLASS RTOS Condition cause : null
2025-05-12 10:35:29,594 [WARN] PackLoader:240 - Cannot read IP mode file for STMicroelectronics.X-CUBE-GNSS1.7.0.1
2025-05-12 10:35:29,601 [WARN] PackLoader:240 - Cannot read IP mode file for STMicroelectronics.X-CUBE-TOUCHGFX.4.25.0
2025-05-12 10:35:29,608 [WARN] PackLoader:240 - Cannot read IP mode file for STMicroelectronics.FP-SNS-STBOX1.2.0.0
2025-05-12 10:35:29,623 [WARN] PackLoader:240 - Cannot read IP mode file for STMicroelectronics.X-CUBE-SUBG2.5.0.0
2025-05-12 10:35:29,648 [WARN] PackLoader:240 - Cannot read IP mode file for STMicroelectronics.X-CUBE-AZRTOS-H7RS.1.1.0
2025-05-12 10:35:29,656 [WARN] PackLoader:240 - Cannot read IP mode file for Cesanta.I-CUBE-Mongoose.7.13.0
2025-05-12 10:35:29,673 [WARN] PackLoader:240 - Cannot read IP mode file for STMicroelectronics.X-CUBE-AZRTOS-G4.2.0.0
2025-05-12 10:35:29,689 [WARN] PackLoader:240 - Cannot read IP mode file for STMicroelectronics.X-CUBE-NFC7.2.0.0
2025-05-12 10:35:29,702 [WARN] PackLoader:240 - Cannot read IP mode file for STMicroelectronics.X-CUBE-IPS.3.1.0
2025-05-12 10:35:29,710 [WARN] PackLoader:240 - Cannot read IP mode file for STMicroelectronics.X-CUBE-ALS.1.0.2
2025-05-12 10:35:29,712 [WARN] PackLoader:240 - Cannot read IP mode file for STMicroelectronics.X-CUBE-TOUCHGFX.4.24.2
2025-05-12 10:35:29,714 [WARN] PackLoader:240 - Cannot read IP mode file for wolfSSL.I-CUBE-wolfTPM.3.4.0
2025-05-12 10:35:29,722 [WARN] PackLoader:240 - Cannot read IP mode file for portGmbH.I-Cube-SoM-uGOAL.1.1.0
2025-05-12 10:35:29,744 [WARN] PackLoader:240 - Cannot read IP mode file for STMicroelectronics.X-CUBE-AZRTOS-H7RS.1.0.0
2025-05-12 10:35:29,759 [WARN] PackLoader:240 - Cannot read IP mode file for STMicroelectronics.X-CUBE-TOF1.3.4.2
2025-05-12 10:35:29,780 [WARN] PackLoader:240 - Cannot read IP mode file for STMicroelectronics.X-CUBE-TOF1.3.4.3
2025-05-12 10:35:29,790 [WARN] PackLoader:240 - Cannot read IP mode file for wolfSSL.I-CUBE-wolfSSH.1.4.17
2025-05-12 10:35:29,791 [INFO] ThirdParty:978 - Integrity check success = true
2025-05-12 10:35:29,791 [INFO] IntegrityCheckThread:100 - exiting critical section [integrity check]
2025-05-12 10:35:29,791 [INFO] IntegrityCheckThread:103 - End integrity checks thread
